#
# There is insufficient memory for the Java Runtime Environment to continue.
# Native memory allocation (malloc) failed to allocate 32744 bytes for ChunkPool::allocate
# Possible reasons:
#   The system is out of physical RAM or swap space
#   The process is running with CompressedOops enabled, and the Java Heap may be blocking the growth of the native heap
# Possible solutions:
#   Reduce memory load on the system
#   Increase physical memory or swap space
#   Check if swap backing store is full
#   Decrease Java heap size (-Xmx/-Xms)
#   Decrease number of Java threads
#   Decrease Java thread stack sizes (-Xss)
#   Set larger code cache with -XX:ReservedCodeCacheSize=
#   JVM is running with Unscaled Compressed Oops mode in which the Java heap is
#     placed in the first 4GB address space. The Java Heap base address is the
#     maximum limit for the native heap growth. Please use -XX:HeapBaseMinAddress
#     to set the Java Heap base and to place the Java Heap above 4GB virtual address.
# This output file may be truncated or incomplete.
#
#  Out of Memory Error (allocation.cpp:272), pid=16632, tid=0x0000000000000dcc
#
# JRE version: OpenJDK Runtime Environment (8.0_242-b01) (build 1.8.0_242-release-1644-b01)
# Java VM: OpenJDK 64-Bit Server VM (25.242-b01 mixed mode windows-amd64 compressed oops)
# Failed to write core dump. Minidumps are not enabled by default on client versions of Windows
#

---------------  T H R E A D  ---------------

Current thread (0x000000002a020000):  JavaThread "WorkerExecutor Queue Thread 5" [_thread_in_vm, id=3532, stack(0x000000002d1a0000,0x000000002d2a0000)]

Stack: [0x000000002d1a0000,0x000000002d2a0000]
[error occurred during error reporting (printing stack bounds), id 0xc0000005]

Native frames: (J=compiled Java code, j=interpreted, Vv=VM code, C=native code)

Java frames: (J=compiled Java code, j=interpreted, Vv=VM code)
v  blob 0x00000000030054fa
J 9726 C2 com.android.tools.r8.graph.Y.a(Lcom/android/tools/r8/dex/v;[Lcom/android/tools/r8/graph/Y;)V (11 bytes) @ 0x0000000003653910 [0x0000000003653860+0xb0]
j  com.android.tools.r8.graph.M.collectIndexedItems(Lcom/android/tools/r8/dex/v;Lcom/android/tools/r8/graph/d0;I)V+7
J 9725 C2 com.android.tools.r8.graph.Y.collectIndexedItems(Lcom/android/tools/r8/dex/v;)V (8 bytes) @ 0x00000000049a1f04 [0x00000000049a1ec0+0x44]
j  com.android.tools.r8.graph.G.collectIndexedItems(Lcom/android/tools/r8/dex/v;Lcom/android/tools/r8/graph/d0;I)V+150
j  com.android.tools.r8.graph.Y.collectIndexedItems(Lcom/android/tools/r8/dex/v;Lcom/android/tools/r8/graph/d0;)V+4
j  com.android.tools.r8.graph.W.collectIndexedItems(Lcom/android/tools/r8/dex/v;Lcom/android/tools/r8/graph/d0;I)V+28
J 9725 C2 com.android.tools.r8.graph.Y.collectIndexedItems(Lcom/android/tools/r8/dex/v;)V (8 bytes) @ 0x00000000049a1f04 [0x00000000049a1ec0+0x44]
j  com.android.tools.r8.graph.f0.a(Lcom/android/tools/r8/dex/v;Lcom/android/tools/r8/graph/W;)V+2
j  com.android.tools.r8.graph.f0$$Lambda$1036.accept(Ljava/lang/Object;)V+8
J 9649 C1 com.android.tools.r8.graph.V0$$Lambda$938.accept(Ljava/lang/Object;)V (16 bytes) @ 0x0000000004993e94 [0x0000000004993b60+0x334]
J 9731 C1 com.android.tools.r8.graph.W0$$Lambda$939.apply(Ljava/lang/Object;)Ljava/lang/Object; (16 bytes) @ 0x0000000003137b14 [0x00000000031377e0+0x334]
J 9735 C1 com.android.tools.r8.graph.U0.d(Ljava/util/function/Function;)Lcom/android/tools/r8/utils/q1; (97 bytes) @ 0x0000000004233a94 [0x0000000004233920+0x174]
J 9740 C1 com.android.tools.r8.graph.V0.b(Ljava/util/function/Predicate;Ljava/util/function/Consumer;)V (18 bytes) @ 0x00000000035b84fc [0x00000000035b7d40+0x7bc]
j  com.android.tools.r8.graph.f0.collectIndexedItems(Lcom/android/tools/r8/dex/v;Lcom/android/tools/r8/graph/d0;I)V+284
J 9725 C2 com.android.tools.r8.graph.Y.collectIndexedItems(Lcom/android/tools/r8/dex/v;)V (8 bytes) @ 0x00000000049a1f04 [0x00000000049a1ec0+0x44]
j  com.android.tools.r8.dex.P.a(Lcom/android/tools/r8/graph/f0;)V+10
j  com.android.tools.r8.dex.P$i.a()Ljava/util/Map;+346
j  com.android.tools.r8.dex.P$e.a()Ljava/util/List;+651
j  com.android.tools.r8.dex.b.a(Ljava/util/concurrent/ExecutorService;)Ljava/util/List;+120
j  com.android.tools.r8.dex.b.b(Ljava/util/concurrent/ExecutorService;)V+216
j  com.android.tools.r8.D8.d(Lcom/android/tools/r8/utils/e;Lcom/android/tools/r8/utils/k0;Ljava/util/concurrent/ExecutorService;)V+482
j  com.android.tools.r8.D8.b(Lcom/android/tools/r8/utils/e;Lcom/android/tools/r8/utils/k0;Ljava/util/concurrent/ExecutorService;)V+3
j  com.android.tools.r8.D8$$Lambda$860.run()V+12
j  com.android.tools.r8.utils.Y.a(Lcom/android/tools/r8/utils/T0;Lcom/android/tools/r8/utils/Y$a;)V+2
j  com.android.tools.r8.D8.run(Lcom/android/tools/r8/D8Command;Ljava/util/concurrent/ExecutorService;)V+22
j  com.android.builder.dexing.D8DexArchiveMerger.mergeDexArchives(Ljava/util/Iterator;Ljava/nio/file/Path;Ljava/nio/file/Path;Lcom/android/builder/dexing/DexingType;)V+432
j  com.android.build.gradle.internal.transforms.DexMergerTransformCallable.call()Ljava/lang/Void;+175
j  com.android.build.gradle.internal.tasks.DexMergingTaskRunnable.run()V+736
j  com.android.build.gradle.internal.tasks.Workers$ActionFacade.run()V+129
j  org.gradle.workers.internal.AdapterWorkAction.execute()V+48
j  org.gradle.workers.internal.DefaultWorkerServer.execute(Lorg/gradle/workers/internal/SimpleActionExecutionSpec;)Lorg/gradle/workers/internal/DefaultWorkResult;+128
j  org.gradle.workers.internal.NoIsolationWorkerFactory$1$1.create()Lorg/gradle/workers/internal/DefaultWorkResult;+29
j  org.gradle.workers.internal.NoIsolationWorkerFactory$1$1.create()Ljava/lang/Object;+1
j  org.gradle.internal.classloader.ClassLoaderUtils.executeInClassloader(Ljava/lang/ClassLoader;Lorg/gradle/internal/Factory;)Ljava/lang/Object;+15
j  org.gradle.workers.internal.NoIsolationWorkerFactory$1.lambda$execute$0(Ljava/lang/ClassLoader;Lorg/gradle/workers/WorkerExecutor;Lorg/gradle/workers/internal/IsolatedParametersActionExecutionSpec;)Lorg/gradle/workers/internal/DefaultWorkResult;+10
j  org.gradle.workers.internal.NoIsolationWorkerFactory$1$$Lambda$810.execute(Lorg/gradle/workers/internal/IsolatedParametersActionExecutionSpec;)Lorg/gradle/workers/internal/DefaultWorkResult;+13
j  org.gradle.workers.internal.AbstractWorker$1.call(Lorg/gradle/internal/operations/BuildOperationContext;)Lorg/gradle/workers/internal/DefaultWorkResult;+8
j  org.gradle.workers.internal.AbstractWorker$1.call(Lorg/gradle/internal/operations/BuildOperationContext;)Ljava/lang/Object;+2
J 5795 C1 org.gradle.internal.operations.DefaultBuildOperationExecutor$CallableBuildOperationWorker.execute(Lorg/gradle/internal/operations/BuildOperation;Lorg/gradle/internal/operations/BuildOperationContext;)V (10 bytes) @ 0x0000000003466b6c [0x0000000003466900+0x26c]
J 5034 C1 org.gradle.internal.operations.DefaultBuildOperationExecutor$1.execute(Lorg/gradle/internal/operations/BuildOperationDescriptor;Lorg/gradle/internal/operations/DefaultBuildOperationExecutor$DefaultBuildOperationContext;Lorg/gradle/internal/operations/DefaultBuildOperationExecutor$BuildOperationExecutionListener;)Lorg/gradle/internal/operations/BuildOperation; (82 bytes) @ 0x0000000003f50434 [0x0000000003f502c0+0x174]
J 5039 C1 org.gradle.internal.operations.DefaultBuildOperationExecutor.execute(Lorg/gradle/internal/operations/BuildOperationDescriptor$Builder;Lorg/gradle/internal/operations/DefaultBuildOperationExecutor$BuildOperationState;Lorg/gradle/internal/operations/DefaultBuildOperationExecutor$BuildOperationExecution;)Lorg/gradle/internal/operations/BuildOperation; (111 bytes) @ 0x0000000003f544ac [0x0000000003f53540+0xf6c]
J 5793 C1 org.gradle.internal.operations.DefaultBuildOperationExecutor.call(Lorg/gradle/internal/operations/CallableBuildOperation;)Ljava/lang/Object; (38 bytes) @ 0x0000000003467bac [0x00000000034674a0+0x70c]
J 5792 C1 org.gradle.internal.operations.DelegatingBuildOperationExecutor.call(Lorg/gradle/internal/operations/CallableBuildOperation;)Ljava/lang/Object; (11 bytes) @ 0x0000000003173a04 [0x0000000003173900+0x104]
j  org.gradle.workers.internal.AbstractWorker.executeWrappedInBuildOperation(Lorg/gradle/workers/internal/IsolatedParametersActionExecutionSpec;Lorg/gradle/internal/operations/BuildOperationRef;Lorg/gradle/workers/internal/AbstractWorker$Work;)Lorg/gradle/workers/internal/DefaultWorkResult;+15
j  org.gradle.workers.internal.NoIsolationWorkerFactory$1.execute(Lorg/gradle/workers/internal/IsolatedParametersActionExecutionSpec;Lorg/gradle/internal/operations/BuildOperationRef;)Lorg/gradle/workers/internal/DefaultWorkResult;+17
j  org.gradle.workers.internal.DefaultWorkerExecutor.lambda$submitWork$2(Lorg/gradle/workers/internal/WorkerFactory;Lorg/gradle/workers/internal/WorkerRequirement;Lorg/gradle/workers/internal/IsolatedParametersActionExecutionSpec;Lorg/gradle/internal/operations/BuildOperationRef;)Lorg/gradle/workers/internal/DefaultWorkResult;+13
j  org.gradle.workers.internal.DefaultWorkerExecutor$$Lambda$808.call()Ljava/lang/Object;+16
J 6463 C1 java.util.concurrent.FutureTask.run()V (126 bytes) @ 0x0000000003e63e8c [0x0000000003e63c40+0x24c]
j  org.gradle.internal.work.DefaultConditionalExecutionQueue$ExecutionRunner.runExecution(Lorg/gradle/internal/work/ConditionalExecution;)V+6
j  org.gradle.internal.work.DefaultConditionalExecutionQueue$ExecutionRunner.runBatch(Lorg/gradle/internal/work/ConditionalExecution;)V+8
j  org.gradle.internal.work.DefaultConditionalExecutionQueue$ExecutionRunner.run()V+11
j  java.util.concurrent.Executors$RunnableAdapter.call()Ljava/lang/Object;+4
J 6463 C1 java.util.concurrent.FutureTask.run()V (126 bytes) @ 0x0000000003e63e8c [0x0000000003e63c40+0x24c]
J 7172 C1 org.gradle.internal.concurrent.ManagedExecutorImpl$1.run()V (59 bytes) @ 0x00000000043346ec [0x00000000043341e0+0x50c]
j  java.util.concurrent.ThreadPoolExecutor.runWorker(Ljava/util/concurrent/ThreadPoolExecutor$Worker;)V+95
j  java.util.concurrent.ThreadPoolExecutor$Worker.run()V+5
j  org.gradle.internal.concurrent.ThreadFactoryImpl$ManagedThreadRunnable.run()V+7
j  java.lang.Thread.run()V+11
v  ~StubRoutines::call_stub

---------------  P R O C E S S  ---------------

Java Threads: ( => current thread )
  0x000000001fc53800 JavaThread "ForkJoinPool-1-worker-0" daemon [_thread_blocked, id=1908, stack(0x000000002e1a0000,0x000000002e2a0000)]
  0x000000001fc54000 JavaThread "ForkJoinPool-1-worker-7" daemon [_thread_blocked, id=14196, stack(0x000000002e0a0000,0x000000002e1a0000)]
  0x000000001fc56800 JavaThread "ForkJoinPool-1-worker-6" daemon [_thread_blocked, id=19664, stack(0x000000002dda0000,0x000000002dea0000)]
  0x000000001fc55000 JavaThread "ForkJoinPool-1-worker-5" daemon [_thread_blocked, id=23412, stack(0x000000002dca0000,0x000000002dda0000)]
  0x000000002a01f800 JavaThread "ForkJoinPool-1-worker-4" daemon [_thread_blocked, id=2368, stack(0x000000002dba0000,0x000000002dca0000)]
  0x000000002a01d000 JavaThread "ForkJoinPool-1-worker-3" daemon [_thread_blocked, id=9444, stack(0x000000002daa0000,0x000000002dba0000)]
  0x000000002a01c800 JavaThread "ForkJoinPool-1-worker-2" daemon [_thread_blocked, id=23320, stack(0x000000002d9a0000,0x000000002daa0000)]
  0x000000002a01b800 JavaThread "ForkJoinPool-1-worker-1" daemon [_thread_blocked, id=4820, stack(0x000000002d8a0000,0x000000002d9a0000)]
  0x000000002a01e800 JavaThread "WorkerExecutor Queue Thread 6" [_thread_blocked, id=21420, stack(0x000000002cc30000,0x000000002cd30000)]
=>0x000000002a020000 JavaThread "WorkerExecutor Queue Thread 5" [_thread_in_vm, id=3532, stack(0x000000002d1a0000,0x000000002d2a0000)]
  0x000000002a01e000 JavaThread "WorkerExecutor Queue Thread 4" [_thread_blocked, id=21752, stack(0x000000002d0a0000,0x000000002d1a0000)]
  0x000000002a01b000 JavaThread "WorkerExecutor Queue Thread 3" [_thread_blocked, id=19052, stack(0x000000002cfa0000,0x000000002d0a0000)]
  0x000000002a013000 JavaThread "WorkerExecutor Queue Thread 2" [_thread_blocked, id=20000, stack(0x000000002cea0000,0x000000002cfa0000)]
  0x000000002a018800 JavaThread "WorkerExecutor Queue" [_thread_blocked, id=18368, stack(0x000000002cda0000,0x000000002cea0000)]
  0x000000002a019000 JavaThread "ForkJoinPool.commonPool-worker-3" daemon [_thread_blocked, id=4640, stack(0x000000002cb30000,0x000000002cc30000)]
  0x000000002a017800 JavaThread "ForkJoinPool.commonPool-worker-2" daemon [_thread_blocked, id=23060, stack(0x000000002ca30000,0x000000002cb30000)]
  0x000000002a017000 JavaThread "ForkJoinPool.commonPool-worker-1" daemon [_thread_blocked, id=17032, stack(0x000000002c930000,0x000000002ca30000)]
  0x000000002a014800 JavaThread "Cache worker for Java compile cache (C:\Users\ageli\AndroidStudioProjects\qrCodeTry1\.gradle\6.5\javaCompile)" [_thread_blocked, id=23396, stack(0x000000002c230000,0x000000002c330000)]
  0x000000002a01a000 JavaThread "Cache worker for Java compile cache (C:\Users\ageli\.gradle\caches\6.5\javaCompile)" [_thread_blocked, id=13636, stack(0x000000002c130000,0x000000002c230000)]
  0x000000002a016000 JavaThread "Cache worker for execution history cache (C:\Users\ageli\AndroidStudioProjects\qrCodeTry1\.gradle\6.5\executionHistory)" [_thread_blocked, id=9596, stack(0x000000002bc30000,0x000000002bd30000)]
  0x000000001ef1b000 JavaThread "Execution worker for ':' Thread 7" [_thread_blocked, id=23356, stack(0x000000002ba30000,0x000000002bb30000)]
  0x000000001ef1a000 JavaThread "Execution worker for ':' Thread 6" [_thread_blocked, id=21120, stack(0x000000002b930000,0x000000002ba30000)]
  0x000000001ef19800 JavaThread "Execution worker for ':' Thread 5" [_thread_blocked, id=9100, stack(0x000000002b830000,0x000000002b930000)]
  0x000000001ef18800 JavaThread "Execution worker for ':' Thread 4" [_thread_blocked, id=7540, stack(0x000000002b730000,0x000000002b830000)]
  0x000000001ef18000 JavaThread "Execution worker for ':' Thread 3" [_thread_blocked, id=14824, stack(0x000000002b630000,0x000000002b730000)]
  0x000000001ef17000 JavaThread "Execution worker for ':' Thread 2" [_thread_blocked, id=10220, stack(0x000000002b530000,0x000000002b630000)]
  0x000000001ef16800 JavaThread "Execution worker for ':'" [_thread_blocked, id=864, stack(0x000000002b430000,0x000000002b530000)]
  0x000000001ef1b800 JavaThread "Cache worker for file content cache (C:\Users\ageli\AndroidStudioProjects\qrCodeTry1\.gradle\6.5\fileContent)" [_thread_blocked, id=19460, stack(0x000000002aac0000,0x000000002abc0000)]
  0x000000001ef15800 JavaThread "Memory manager" [_thread_blocked, id=11760, stack(0x00000000293d0000,0x00000000294d0000)]
  0x000000001d0b1800 JavaThread "Cache worker for Build Output Cleanup Cache (C:\Users\ageli\AndroidStudioProjects\qrCodeTry1\.gradle\buildOutputCleanup)" [_thread_blocked, id=18896, stack(0x0000000028cd0000,0x0000000028dd0000)]
  0x000000001d0ae000 JavaThread "jar transforms Thread 92" [_thread_blocked, id=4996, stack(0x00000000289d0000,0x0000000028ad0000)]
  0x000000001d0ad000 JavaThread "jar transforms Thread 91" [_thread_blocked, id=12484, stack(0x00000000288d0000,0x00000000289d0000)]
  0x000000001d0ae800 JavaThread "jar transforms Thread 90" [_thread_blocked, id=20160, stack(0x00000000287d0000,0x00000000288d0000)]
  0x000000001d0b2800 JavaThread "jar transforms Thread 89" [_thread_blocked, id=15300, stack(0x00000000286d0000,0x00000000287d0000)]
  0x000000001d0af800 JavaThread "jar transforms Thread 88" [_thread_blocked, id=15236, stack(0x00000000285d0000,0x00000000286d0000)]
  0x000000001d0b3000 JavaThread "jar transforms Thread 87" [_thread_blocked, id=4596, stack(0x00000000284d0000,0x00000000285d0000)]
  0x000000001d0b1000 JavaThread "jar transforms Thread 86" [_thread_blocked, id=7832, stack(0x00000000283d0000,0x00000000284d0000)]
  0x000000001d0b0000 JavaThread "jar transforms Thread 85" [_thread_blocked, id=9152, stack(0x00000000282d0000,0x00000000283d0000)]
  0x000000001d0ac800 JavaThread "jar transforms Thread 84" [_thread_blocked, id=21896, stack(0x00000000281d0000,0x00000000282d0000)]
  0x000000001d0a4800 JavaThread "jar transforms Thread 83" [_thread_blocked, id=10656, stack(0x00000000280d0000,0x00000000281d0000)]
  0x000000001d0ab800 JavaThread "jar transforms Thread 82" [_thread_blocked, id=23304, stack(0x0000000027fd0000,0x00000000280d0000)]
  0x000000001d0ab000 JavaThread "jar transforms Thread 81" [_thread_blocked, id=1412, stack(0x0000000027ed0000,0x0000000027fd0000)]
  0x000000001d0a6000 JavaThread "jar transforms Thread 80" [_thread_blocked, id=10548, stack(0x0000000027dd0000,0x0000000027ed0000)]
  0x000000001d0a5800 JavaThread "jar transforms Thread 79" [_thread_blocked, id=1608, stack(0x0000000027cd0000,0x0000000027dd0000)]
  0x000000001d0a4000 JavaThread "jar transforms Thread 78" [_thread_blocked, id=6564, stack(0x0000000027bd0000,0x0000000027cd0000)]
  0x000000001d0aa000 JavaThread "jar transforms Thread 77" [_thread_blocked, id=4756, stack(0x0000000027ad0000,0x0000000027bd0000)]
  0x000000001d0a9800 JavaThread "jar transforms Thread 76" [_thread_blocked, id=5748, stack(0x00000000279d0000,0x0000000027ad0000)]
  0x000000001d0a7800 JavaThread "jar transforms Thread 75" [_thread_blocked, id=16248, stack(0x00000000278d0000,0x00000000279d0000)]
  0x000000001d0a7000 JavaThread "jar transforms Thread 74" [_thread_blocked, id=21064, stack(0x00000000277d0000,0x00000000278d0000)]
  0x000000001d0a8800 JavaThread "jar transforms Thread 73" [_thread_blocked, id=13548, stack(0x00000000276d0000,0x00000000277d0000)]
  0x000000001b3c1000 JavaThread "jar transforms Thread 72" [_thread_blocked, id=17292, stack(0x00000000275d0000,0x00000000276d0000)]
  0x000000001b3c7800 JavaThread "jar transforms Thread 71" [_thread_blocked, id=9872, stack(0x00000000274d0000,0x00000000275d0000)]
  0x000000001b3c5800 JavaThread "jar transforms Thread 70" [_thread_blocked, id=20400, stack(0x00000000273d0000,0x00000000274d0000)]
  0x000000001b3c1800 JavaThread "jar transforms Thread 69" [_thread_blocked, id=21084, stack(0x00000000272d0000,0x00000000273d0000)]
  0x000000001b3c4800 JavaThread "jar transforms Thread 68" [_thread_blocked, id=13556, stack(0x00000000271d0000,0x00000000272d0000)]
  0x000000001b3c7000 JavaThread "jar transforms Thread 67" [_thread_blocked, id=16044, stack(0x00000000270d0000,0x00000000271d0000)]
  0x000000001b3c4000 JavaThread "jar transforms Thread 66" [_thread_blocked, id=7636, stack(0x0000000026fd0000,0x00000000270d0000)]
  0x000000001b3c6000 JavaThread "jar transforms Thread 65" [_thread_blocked, id=8716, stack(0x0000000026ed0000,0x0000000026fd0000)]
  0x000000001b3bc800 JavaThread "jar transforms Thread 64" [_thread_blocked, id=19188, stack(0x0000000026dd0000,0x0000000026ed0000)]
  0x000000001b3c3000 JavaThread "jar transforms Thread 63" [_thread_blocked, id=848, stack(0x0000000026cd0000,0x0000000026dd0000)]
  0x000000001b3c2800 JavaThread "jar transforms Thread 62" [_thread_blocked, id=15392, stack(0x0000000026bd0000,0x0000000026cd0000)]
  0x000000001b3b9800 JavaThread "jar transforms Thread 61" [_thread_blocked, id=21224, stack(0x0000000026ad0000,0x0000000026bd0000)]
  0x000000001b3bb800 JavaThread "jar transforms Thread 60" [_thread_blocked, id=17544, stack(0x00000000269d0000,0x0000000026ad0000)]
  0x000000001b3c0000 JavaThread "jar transforms Thread 59" [_thread_blocked, id=22824, stack(0x00000000268d0000,0x00000000269d0000)]
  0x000000001b3be000 JavaThread "jar transforms Thread 58" [_thread_blocked, id=14292, stack(0x00000000267d0000,0x00000000268d0000)]
  0x000000001b3bd000 JavaThread "jar transforms Thread 57" [_thread_blocked, id=15036, stack(0x00000000266d0000,0x00000000267d0000)]
  0x000000001b3ba000 JavaThread "jar transforms Thread 56" [_thread_blocked, id=12056, stack(0x00000000265d0000,0x00000000266d0000)]
  0x000000001b3bb000 JavaThread "jar transforms Thread 55" [_thread_blocked, id=9848, stack(0x00000000264d0000,0x00000000265d0000)]
  0x000000001b3b8800 JavaThread "jar transforms Thread 54" [_thread_blocked, id=17624, stack(0x00000000263d0000,0x00000000264d0000)]
  0x000000001b3be800 JavaThread "jar transforms Thread 53" [_thread_blocked, id=18872, stack(0x00000000262d0000,0x00000000263d0000)]
  0x000000001b3bf800 JavaThread "jar transforms Thread 52" [_thread_blocked, id=18148, stack(0x00000000261d0000,0x00000000262d0000)]
  0x000000001bfd6000 JavaThread "jar transforms Thread 51" [_thread_blocked, id=14748, stack(0x00000000260d0000,0x00000000261d0000)]
  0x000000001bfd5000 JavaThread "jar transforms Thread 50" [_thread_blocked, id=21128, stack(0x0000000025fd0000,0x00000000260d0000)]
  0x000000001bfda800 JavaThread "jar transforms Thread 49" [_thread_blocked, id=22348, stack(0x0000000025ed0000,0x0000000025fd0000)]
  0x000000001bfdb000 JavaThread "jar transforms Thread 48" [_thread_blocked, id=22640, stack(0x0000000025dd0000,0x0000000025ed0000)]
  0x000000001bfd7800 JavaThread "jar transforms Thread 47" [_thread_blocked, id=14704, stack(0x0000000025cd0000,0x0000000025dd0000)]
  0x000000001bfd4800 JavaThread "jar transforms Thread 46" [_thread_blocked, id=7576, stack(0x0000000025bd0000,0x0000000025cd0000)]
  0x000000001bfd9800 JavaThread "jar transforms Thread 45" [_thread_blocked, id=23260, stack(0x0000000025ad0000,0x0000000025bd0000)]
  0x000000001bfd9000 JavaThread "jar transforms Thread 44" [_thread_blocked, id=22924, stack(0x00000000259d0000,0x0000000025ad0000)]
  0x000000001bfd6800 JavaThread "jar transforms Thread 43" [_thread_blocked, id=19828, stack(0x00000000258d0000,0x00000000259d0000)]
  0x000000001bfd8000 JavaThread "jar transforms Thread 42" [_thread_blocked, id=21296, stack(0x00000000257d0000,0x00000000258d0000)]
  0x000000001bfcd000 JavaThread "jar transforms Thread 41" [_thread_blocked, id=22060, stack(0x00000000256d0000,0x00000000257d0000)]
  0x000000001bfd3800 JavaThread "jar transforms Thread 40" [_thread_blocked, id=4500, stack(0x00000000255d0000,0x00000000256d0000)]
  0x000000001bfd3000 JavaThread "jar transforms Thread 39" [_thread_blocked, id=18220, stack(0x00000000254d0000,0x00000000255d0000)]
  0x000000001bfd2000 JavaThread "jar transforms Thread 38" [_thread_blocked, id=2476, stack(0x00000000253d0000,0x00000000254d0000)]
  0x000000001bfd1800 JavaThread "jar transforms Thread 37" [_thread_blocked, id=2668, stack(0x00000000252d0000,0x00000000253d0000)]
  0x000000001bfd0000 JavaThread "jar transforms Thread 36" [_thread_blocked, id=22460, stack(0x00000000251d0000,0x00000000252d0000)]
  0x000000001bfcc000 JavaThread "jar transforms Thread 35" [_thread_blocked, id=20556, stack(0x00000000250d0000,0x00000000251d0000)]
  0x000000001bfcf000 JavaThread "jar transforms Thread 34" [_thread_blocked, id=15512, stack(0x0000000024fd0000,0x00000000250d0000)]
  0x000000001bfce800 JavaThread "jar transforms Thread 33" [_thread_blocked, id=8076, stack(0x0000000024ed0000,0x0000000024fd0000)]
  0x000000001bfd0800 JavaThread "jar transforms Thread 32" [_thread_blocked, id=7548, stack(0x0000000024dd0000,0x0000000024ed0000)]
  0x000000001bfcd800 JavaThread "jar transforms Thread 31" [_thread_blocked, id=7584, stack(0x0000000024cd0000,0x0000000024dd0000)]
  0x000000001a092000 JavaThread "jar transforms Thread 30" [_thread_blocked, id=16748, stack(0x0000000024bd0000,0x0000000024cd0000)]
  0x000000001a08d000 JavaThread "jar transforms Thread 29" [_thread_blocked, id=7456, stack(0x0000000024ad0000,0x0000000024bd0000)]
  0x000000001a091800 JavaThread "jar transforms Thread 28" [_thread_blocked, id=15700, stack(0x00000000249d0000,0x0000000024ad0000)]
  0x000000001a090800 JavaThread "jar transforms Thread 27" [_thread_blocked, id=10700, stack(0x00000000248d0000,0x00000000249d0000)]
  0x000000001a093800 JavaThread "jar transforms Thread 26" [_thread_blocked, id=17180, stack(0x00000000247d0000,0x00000000248d0000)]
  0x000000001a090000 JavaThread "jar transforms Thread 25" [_thread_blocked, id=18712, stack(0x00000000246d0000,0x00000000247d0000)]
  0x000000001a08d800 JavaThread "jar transforms Thread 24" [_thread_blocked, id=6752, stack(0x00000000245d0000,0x00000000246d0000)]
  0x000000001a08e800 JavaThread "jar transforms Thread 23" [_thread_blocked, id=12848, stack(0x00000000244d0000,0x00000000245d0000)]
  0x000000001a08f000 JavaThread "jar transforms Thread 22" [_thread_blocked, id=23540, stack(0x00000000243d0000,0x00000000244d0000)]
  0x000000001a093000 JavaThread "jar transforms Thread 21" [_thread_blocked, id=6284, stack(0x00000000242d0000,0x00000000243d0000)]
  0x000000001a08c000 JavaThread "jar transforms Thread 20" [_thread_blocked, id=12756, stack(0x00000000241d0000,0x00000000242d0000)]
  0x000000001a084800 JavaThread "jar transforms Thread 19" [_thread_blocked, id=23216, stack(0x00000000240d0000,0x00000000241d0000)]
  0x000000001a08b800 JavaThread "jar transforms Thread 18" [_thread_blocked, id=14972, stack(0x0000000023fd0000,0x00000000240d0000)]
  0x000000001a087800 JavaThread "jar transforms Thread 17" [_thread_blocked, id=17364, stack(0x0000000023ed0000,0x0000000023fd0000)]
  0x000000001a08a800 JavaThread "jar transforms Thread 16" [_thread_blocked, id=21724, stack(0x0000000023dd0000,0x0000000023ed0000)]
  0x000000001a087000 JavaThread "jar transforms Thread 15" [_thread_blocked, id=11524, stack(0x0000000023cd0000,0x0000000023dd0000)]
  0x000000001a086000 JavaThread "jar transforms Thread 14" [_thread_blocked, id=17588, stack(0x0000000023bd0000,0x0000000023cd0000)]
  0x000000001a08a000 JavaThread "jar transforms Thread 13" [_thread_blocked, id=18684, stack(0x0000000023ad0000,0x0000000023bd0000)]
  0x000000001a088800 JavaThread "jar transforms Thread 12" [_thread_blocked, id=12712, stack(0x00000000239d0000,0x0000000023ad0000)]
  0x000000001a085800 JavaThread "jar transforms Thread 11" [_thread_blocked, id=8968, stack(0x00000000238d0000,0x00000000239d0000)]
  0x000000001a089000 JavaThread "jar transforms Thread 10" [_thread_blocked, id=16368, stack(0x00000000237d0000,0x00000000238d0000)]
  0x000000001f24f800 JavaThread "jar transforms Thread 9" [_thread_blocked, id=17472, stack(0x00000000236d0000,0x00000000237d0000)]
  0x000000001f24f000 JavaThread "jar transforms Thread 8" [_thread_blocked, id=12340, stack(0x00000000235d0000,0x00000000236d0000)]
  0x000000001f24d800 JavaThread "jar transforms Thread 7" [_thread_blocked, id=2492, stack(0x00000000234d0000,0x00000000235d0000)]
  0x000000001f24c800 JavaThread "jar transforms Thread 6" [_thread_blocked, id=11768, stack(0x00000000233d0000,0x00000000234d0000)]
  0x000000001f24e000 JavaThread "jar transforms Thread 5" [_thread_blocked, id=21436, stack(0x00000000232d0000,0x00000000233d0000)]
  0x000000001f24c000 JavaThread "jar transforms Thread 4" [_thread_blocked, id=20048, stack(0x00000000231d0000,0x00000000232d0000)]
  0x000000001f24a800 JavaThread "jar transforms Thread 3" [_thread_blocked, id=18448, stack(0x00000000230d0000,0x00000000231d0000)]
  0x000000001f244800 JavaThread "jar transforms Thread 2" [_thread_blocked, id=17720, stack(0x0000000022fd0000,0x00000000230d0000)]
  0x000000001f24b000 JavaThread "Build operations Thread 8" [_thread_blocked, id=11160, stack(0x0000000022ed0000,0x0000000022fd0000)]
  0x000000001f249800 JavaThread "Build operations Thread 7" [_thread_blocked, id=11324, stack(0x0000000022dd0000,0x0000000022ed0000)]
  0x000000001f245000 JavaThread "Build operations Thread 6" [_thread_blocked, id=3416, stack(0x0000000022cd0000,0x0000000022dd0000)]
  0x000000001f249000 JavaThread "Build operations Thread 5" [_thread_blocked, id=8416, stack(0x0000000022bd0000,0x0000000022cd0000)]
  0x000000001f246000 JavaThread "Build operations Thread 4" [_thread_blocked, id=19500, stack(0x0000000022ad0000,0x0000000022bd0000)]
  0x000000001f242000 JavaThread "Build operations Thread 3" [_thread_blocked, id=7784, stack(0x00000000229d0000,0x0000000022ad0000)]
  0x000000001f248000 JavaThread "Build operations Thread 2" [_thread_blocked, id=1084, stack(0x00000000228d0000,0x00000000229d0000)]
  0x000000001f243000 JavaThread "Build operations" [_thread_blocked, id=20988, stack(0x00000000227d0000,0x00000000228d0000)]
  0x000000001c6f4000 JavaThread "Cache worker for file content cache (C:\Users\ageli\.gradle\caches\6.5\fileContent)" [_thread_blocked, id=13236, stack(0x00000000220d0000,0x00000000221d0000)]
  0x000000001c6f1000 JavaThread "jar transforms" [_thread_blocked, id=17816, stack(0x0000000021fd0000,0x00000000220d0000)]
  0x000000001c6f0800 JavaThread "Cache worker for execution history cache (C:\Users\ageli\.gradle\caches\6.5\executionHistory)" [_thread_blocked, id=21740, stack(0x00000000218d0000,0x00000000219d0000)]
  0x000000001c6f3800 JavaThread "Cache worker for cache directory md-rule (C:\Users\ageli\.gradle\caches\6.5\md-rule)" [_thread_blocked, id=10424, stack(0x00000000217d0000,0x00000000218d0000)]
  0x000000001c6ef800 JavaThread "Cache worker for cache directory md-supplier (C:\Users\ageli\.gradle\caches\6.5\md-supplier)" [_thread_blocked, id=19028, stack(0x00000000216d0000,0x00000000217d0000)]
  0x000000001c6ef000 JavaThread "Cache worker for checksums cache (C:\Users\ageli\AndroidStudioProjects\qrCodeTry1\.gradle\checksums)" [_thread_blocked, id=13684, stack(0x00000000215d0000,0x00000000216d0000)]
  0x000000001c6f2800 JavaThread "Cache worker for file hash cache (C:\Users\ageli\AndroidStudioProjects\qrCodeTry1\.gradle\6.5\fileHashes)" [_thread_blocked, id=15876, stack(0x00000000212d0000,0x00000000213d0000)]
  0x000000001c6ee000 JavaThread "Cache worker for file hash cache (C:\Users\ageli\.gradle\caches\6.5\fileHashes)" [_thread_blocked, id=13196, stack(0x000000001fe00000,0x000000001ff00000)]
  0x000000001c6f2000 JavaThread "File lock request listener" [_thread_in_native, id=1624, stack(0x000000001ed30000,0x000000001ee30000)]
  0x000000001c942800 JavaThread "Cache worker for journal cache (C:\Users\ageli\.gradle\caches\journal-1)" [_thread_blocked, id=8564, stack(0x000000001ec30000,0x000000001ed30000)]
  0x000000001bbff000 JavaThread "Thread-9" [_thread_blocked, id=23028, stack(0x000000001e930000,0x000000001ea30000)]
  0x000000001bbf8000 JavaThread "Stdin handler" [_thread_blocked, id=16256, stack(0x000000001e830000,0x000000001e930000)]
  0x000000001bbfb800 JavaThread "Asynchronous log dispatcher for DefaultDaemonConnection: socket connection from /127.0.0.1:31619 to /127.0.0.1:31620" [_thread_blocked, id=13260, stack(0x000000001e730000,0x000000001e830000)]
  0x000000001bceb800 JavaThread "Daemon worker" [_thread_blocked, id=10904, stack(0x000000001e630000,0x000000001e730000)]
  0x000000001c4db800 JavaThread "Cancel handler" [_thread_blocked, id=17420, stack(0x000000001e430000,0x000000001e530000)]
  0x000000001c67b000 JavaThread "Handler for socket connection from /127.0.0.1:31619 to /127.0.0.1:31620" [_thread_in_native, id=1888, stack(0x000000001e330000,0x000000001e430000)]
  0x000000001c67a000 JavaThread "Daemon" [_thread_blocked, id=14380, stack(0x000000001e230000,0x000000001e330000)]
  0x000000001c669000 JavaThread "Daemon periodic checks" [_thread_blocked, id=17536, stack(0x000000001df30000,0x000000001e030000)]
  0x000000001c66c000 JavaThread "Incoming local TCP Connector on port 31619" [_thread_in_native, id=11772, stack(0x000000001dcf0000,0x000000001ddf0000)]
  0x000000001c5dd000 JavaThread "Daemon health stats" [_thread_blocked, id=21028, stack(0x000000001d6b0000,0x000000001d7b0000)]
  0x0000000019ed7000 JavaThread "Service Thread" daemon [_thread_blocked, id=992, stack(0x000000001ab10000,0x000000001ac10000)]
  0x0000000019e58800 JavaThread "C1 CompilerThread3" daemon [_thread_blocked, id=12676, stack(0x000000001aa10000,0x000000001ab10000)]
  0x0000000019e51800 JavaThread "C2 CompilerThread2" daemon [_thread_in_vm, id=20628, stack(0x000000001a910000,0x000000001aa10000)]
  0x0000000019e45800 JavaThread "C2 CompilerThread1" daemon [_thread_in_native, id=1228, stack(0x000000001a810000,0x000000001a910000)]
  0x0000000019e41000 JavaThread "C2 CompilerThread0" daemon [_thread_in_native, id=21876, stack(0x000000001a710000,0x000000001a810000)]
  0x0000000019e40000 JavaThread "Attach Listener" daemon [_thread_blocked, id=18012, stack(0x000000001a610000,0x000000001a710000)]
  0x0000000019e3f000 JavaThread "Signal Dispatcher" daemon [_thread_blocked, id=13028, stack(0x000000001a510000,0x000000001a610000)]
  0x0000000002fb9000 JavaThread "Finalizer" daemon [_thread_blocked, id=22024, stack(0x000000001a310000,0x000000001a410000)]
  0x000000001802c000 JavaThread "Reference Handler" daemon [_thread_blocked, id=16112, stack(0x000000001a210000,0x000000001a310000)]
  0x0000000002ec2800 JavaThread "main" [_thread_blocked, id=1348, stack(0x0000000002d50000,0x0000000002e50000)]

Other Threads:
  0x0000000018027800 VMThread [stack: 0x0000000019d10000,0x0000000019e10000] [id=10064]
  0x0000000019ed7800 WatcherThread [stack: 0x000000001ac10000,0x000000001ad10000] [id=12668]

VM state:not at safepoint (normal execution)

VM Mutex/Monitor currently owned by a thread: None

heap address: 0x0000000080000000, size: 2048 MB, Compressed Oops mode: 32-bit
Narrow klass base: 0x0000000000000000, Narrow klass shift: 3
Compressed class space size: 1073741824 Address: 0x0000000100000000

Heap:
 PSYoungGen      total 329728K, used 152281K [0x00000000d5580000, 0x00000000f1500000, 0x0000000100000000)
  eden space 306176K, 42% used [0x00000000d5580000,0x00000000dd33c658,0x00000000e8080000)
  from space 23552K, 99% used [0x00000000e8080000,0x00000000e9779f00,0x00000000e9780000)
  to   space 29696K, 0% used [0x00000000ef800000,0x00000000ef800000,0x00000000f1500000)
 ParOldGen       total 119296K, used 44300K [0x0000000080000000, 0x0000000087480000, 0x00000000d5580000)
  object space 119296K, 37% used [0x0000000080000000,0x0000000082b430e0,0x0000000087480000)
 Metaspace       used 79725K, capacity 84400K, committed 84504K, reserved 1122304K
  class space    used 11178K, capacity 12024K, committed 12080K, reserved 1048576K

Card table byte_map: [0x0000000012380000,0x0000000012790000] byte_map_base: 0x0000000011f80000

Marking Bits: (ParMarkBitMap*) 0x0000000054a7f030
 Begin Bits: [0x0000000013240000, 0x0000000015240000)
 End Bits:   [0x0000000015240000, 0x0000000017240000)

Polling page: 0x0000000002ce0000

CodeCache: size=245760Kb used=25858Kb max_used=26438Kb free=219901Kb
 bounds [0x0000000002fc0000, 0x00000000049b0000, 0x0000000011fc0000]
 total_blobs=9217 nmethods=8384 adapters=746
 compilation: enabled

Compilation events (10 events):
Event: 20.675 Thread 0x0000000019e58800 nmethod 9750 0x0000000003a4f090 code [0x0000000003a4f1e0, 0x0000000003a4f3b0]
Event: 20.675 Thread 0x0000000019e58800 9764       3       com.android.tools.r8.graph.S::collectIndexedItems (50 bytes)
Event: 20.676 Thread 0x0000000019e58800 nmethod 9764 0x0000000003499b10 code [0x0000000003499d00, 0x000000000349a658]
Event: 20.676 Thread 0x0000000019e58800 9766       1       com.android.tools.r8.q.a.a.a.D::b (4 bytes)
Event: 20.676 Thread 0x0000000019e58800 nmethod 9766 0x0000000003c0bf10 code [0x0000000003c0c060, 0x0000000003c0c150]
Event: 20.676 Thread 0x0000000019e58800 9765       3       com.android.tools.r8.code.c3::a (1 bytes)
Event: 20.676 Thread 0x0000000019e58800 nmethod 9765 0x0000000003c0bb10 code [0x0000000003c0bc60, 0x0000000003c0bdb0]
Event: 20.678 Thread 0x0000000019e58800 9767       3       com.android.tools.r8.code.D3::a (11 bytes)
Event: 20.679 Thread 0x0000000019e58800 nmethod 9767 0x0000000004601c50 code [0x0000000004601dc0, 0x0000000004601fe8]
Event: 20.679 Thread 0x0000000019e58800 9770       3       com.android.tools.r8.graph.G::collectIndexedItems (186 bytes)

GC Heap History (10 events):
Event: 7.029 GC heap before
{Heap before GC invocations=10 (full 2):
 PSYoungGen      total 241152K, used 7899K [0x00000000d5580000, 0x00000000e4f00000, 0x0000000100000000)
  eden space 225792K, 0% used [0x00000000d5580000,0x00000000d5580000,0x00000000e3200000)
  from space 15360K, 51% used [0x00000000e4000000,0x00000000e47b6fa8,0x00000000e4f00000)
  to   space 14336K, 0% used [0x00000000e3200000,0x00000000e3200000,0x00000000e4000000)
 ParOldGen       total 55296K, used 9352K [0x0000000080000000, 0x0000000083600000, 0x00000000d5580000)
  object space 55296K, 16% used [0x0000000080000000,0x00000000809223d8,0x0000000083600000)
 Metaspace       used 34257K, capacity 35408K, committed 35496K, reserved 1079296K
  class space    used 4706K, capacity 5001K, committed 5040K, reserved 1048576K
Event: 7.076 GC heap after
Heap after GC invocations=10 (full 2):
 PSYoungGen      total 241152K, used 0K [0x00000000d5580000, 0x00000000e4f00000, 0x0000000100000000)
  eden space 225792K, 0% used [0x00000000d5580000,0x00000000d5580000,0x00000000e3200000)
  from space 15360K, 0% used [0x00000000e4000000,0x00000000e4000000,0x00000000e4f00000)
  to   space 14336K, 0% used [0x00000000e3200000,0x00000000e3200000,0x00000000e4000000)
 ParOldGen       total 76800K, used 14334K [0x0000000080000000, 0x0000000084b00000, 0x00000000d5580000)
  object space 76800K, 18% used [0x0000000080000000,0x0000000080dffbe8,0x0000000084b00000)
 Metaspace       used 34257K, capacity 35408K, committed 35496K, reserved 1079296K
  class space    used 4706K, capacity 5001K, committed 5040K, reserved 1048576K
}
Event: 9.890 GC heap before
{Heap before GC invocations=11 (full 2):
 PSYoungGen      total 241152K, used 225792K [0x00000000d5580000, 0x00000000e4f00000, 0x0000000100000000)
  eden space 225792K, 100% used [0x00000000d5580000,0x00000000e3200000,0x00000000e3200000)
  from space 15360K, 0% used [0x00000000e4000000,0x00000000e4000000,0x00000000e4f00000)
  to   space 14336K, 0% used [0x00000000e3200000,0x00000000e3200000,0x00000000e4000000)
 ParOldGen       total 76800K, used 14334K [0x0000000080000000, 0x0000000084b00000, 0x00000000d5580000)
  object space 76800K, 18% used [0x0000000080000000,0x0000000080dffbe8,0x0000000084b00000)
 Metaspace       used 45435K, capacity 47228K, committed 47528K, reserved 1089536K
  class space    used 6144K, capacity 6496K, committed 6576K, reserved 1048576K
Event: 9.911 GC heap after
Heap after GC invocations=11 (full 2):
 PSYoungGen      total 240128K, used 14305K [0x00000000d5580000, 0x00000000ea980000, 0x0000000100000000)
  eden space 225792K, 0% used [0x00000000d5580000,0x00000000d5580000,0x00000000e3200000)
  from space 14336K, 99% used [0x00000000e3200000,0x00000000e3ff8438,0x00000000e4000000)
  to   space 18432K, 0% used [0x00000000e9780000,0x00000000e9780000,0x00000000ea980000)
 ParOldGen       total 76800K, used 18964K [0x0000000080000000, 0x0000000084b00000, 0x00000000d5580000)
  object space 76800K, 24% used [0x0000000080000000,0x0000000081285138,0x0000000084b00000)
 Metaspace       used 45435K, capacity 47228K, committed 47528K, reserved 1089536K
  class space    used 6144K, capacity 6496K, committed 6576K, reserved 1048576K
}
Event: 12.034 GC heap before
{Heap before GC invocations=12 (full 2):
 PSYoungGen      total 240128K, used 151546K [0x00000000d5580000, 0x00000000ea980000, 0x0000000100000000)
  eden space 225792K, 60% used [0x00000000d5580000,0x00000000ddb86678,0x00000000e3200000)
  from space 14336K, 99% used [0x00000000e3200000,0x00000000e3ff8438,0x00000000e4000000)
  to   space 18432K, 0% used [0x00000000e9780000,0x00000000e9780000,0x00000000ea980000)
 ParOldGen       total 76800K, used 18964K [0x0000000080000000, 0x0000000084b00000, 0x00000000d5580000)
  object space 76800K, 24% used [0x0000000080000000,0x0000000081285138,0x0000000084b00000)
 Metaspace       used 56737K, capacity 59136K, committed 59160K, reserved 1099776K
  class space    used 7764K, capacity 8221K, committed 8240K, reserved 1048576K
Event: 12.100 GC heap after
Heap after GC invocations=12 (full 2):
 PSYoungGen      total 324608K, used 18412K [0x00000000d5580000, 0x00000000eb500000, 0x0000000100000000)
  eden space 306176K, 0% used [0x00000000d5580000,0x00000000d5580000,0x00000000e8080000)
  from space 18432K, 99% used [0x00000000e9780000,0x00000000ea97b330,0x00000000ea980000)
  to   space 23552K, 0% used [0x00000000e8080000,0x00000000e8080000,0x00000000e9780000)
 ParOldGen       total 76800K, used 26218K [0x0000000080000000, 0x0000000084b00000, 0x00000000d5580000)
  object space 76800K, 34% used [0x0000000080000000,0x000000008199ab88,0x0000000084b00000)
 Metaspace       used 56737K, capacity 59136K, committed 59160K, reserved 1099776K
  class space    used 7764K, capacity 8221K, committed 8240K, reserved 1048576K
}
Event: 12.100 GC heap before
{Heap before GC invocations=13 (full 3):
 PSYoungGen      total 324608K, used 18412K [0x00000000d5580000, 0x00000000eb500000, 0x0000000100000000)
  eden space 306176K, 0% used [0x00000000d5580000,0x00000000d5580000,0x00000000e8080000)
  from space 18432K, 99% used [0x00000000e9780000,0x00000000ea97b330,0x00000000ea980000)
  to   space 23552K, 0% used [0x00000000e8080000,0x00000000e8080000,0x00000000e9780000)
 ParOldGen       total 76800K, used 26218K [0x0000000080000000, 0x0000000084b00000, 0x00000000d5580000)
  object space 76800K, 34% used [0x0000000080000000,0x000000008199ab88,0x0000000084b00000)
 Metaspace       used 56737K, capacity 59136K, committed 59160K, reserved 1099776K
  class space    used 7764K, capacity 8221K, committed 8240K, reserved 1048576K
Event: 12.382 GC heap after
Heap after GC invocations=13 (full 3):
 PSYoungGen      total 324608K, used 0K [0x00000000d5580000, 0x00000000eb500000, 0x0000000100000000)
  eden space 306176K, 0% used [0x00000000d5580000,0x00000000d5580000,0x00000000e8080000)
  from space 18432K, 0% used [0x00000000e9780000,0x00000000e9780000,0x00000000ea980000)
  to   space 23552K, 0% used [0x00000000e8080000,0x00000000e8080000,0x00000000e9780000)
 ParOldGen       total 119296K, used 37429K [0x0000000080000000, 0x0000000087480000, 0x00000000d5580000)
  object space 119296K, 31% used [0x0000000080000000,0x000000008248d4f8,0x0000000087480000)
 Metaspace       used 56690K, capacity 58980K, committed 59160K, reserved 1099776K
  class space    used 7749K, capacity 8195K, committed 8240K, reserved 1048576K
}
Event: 17.244 GC heap before
{Heap before GC invocations=14 (full 3):
 PSYoungGen      total 324608K, used 306176K [0x00000000d5580000, 0x00000000eb500000, 0x0000000100000000)
  eden space 306176K, 100% used [0x00000000d5580000,0x00000000e8080000,0x00000000e8080000)
  from space 18432K, 0% used [0x00000000e9780000,0x00000000e9780000,0x00000000ea980000)
  to   space 23552K, 0% used [0x00000000e8080000,0x00000000e8080000,0x00000000e9780000)
 ParOldGen       total 119296K, used 37429K [0x0000000080000000, 0x0000000087480000, 0x00000000d5580000)
  object space 119296K, 31% used [0x0000000080000000,0x000000008248d4f8,0x0000000087480000)
 Metaspace       used 70117K, capacity 73792K, committed 74136K, reserved 1114112K
  class space    used 9657K, capacity 10328K, committed 10416K, reserved 1048576K
Event: 17.418 GC heap after
Heap after GC invocations=14 (full 3):
 PSYoungGen      total 329728K, used 23527K [0x00000000d5580000, 0x00000000f1500000, 0x0000000100000000)
  eden space 306176K, 0% used [0x00000000d5580000,0x00000000d5580000,0x00000000e8080000)
  from space 23552K, 99% used [0x00000000e8080000,0x00000000e9779f00,0x00000000e9780000)
  to   space 29696K, 0% used [0x00000000ef800000,0x00000000ef800000,0x00000000f1500000)
 ParOldGen       total 119296K, used 44300K [0x0000000080000000, 0x0000000087480000, 0x00000000d5580000)
  object space 119296K, 37% used [0x0000000080000000,0x0000000082b430e0,0x0000000087480000)
 Metaspace       used 70117K, capacity 73792K, committed 74136K, reserved 1114112K
  class space    used 9657K, capacity 10328K, committed 10416K, reserved 1048576K
}

Deoptimization events (10 events):
Event: 20.234 Thread 0x000000001ef1a000 Uncommon trap: reason=unstable_if action=reinterpret pc=0x0000000003a54b28 method=java.lang.AbstractStringBuilder.append(I)Ljava/lang/AbstractStringBuilder; @ 16
Event: 20.414 Thread 0x000000002a020000 Uncommon trap: reason=unstable_if action=reinterpret pc=0x0000000003751914 method=java.nio.Bits.getShort(Ljava/nio/ByteBuffer;IZ)S @ 1
Event: 20.531 Thread 0x000000002a01c800 Uncommon trap: reason=unstable_if action=reinterpret pc=0x000000000394cb3c method=java.util.Arrays.hashCode([Ljava/lang/Object;)I @ 1
Event: 20.531 Thread 0x000000001fc53800 Uncommon trap: reason=unstable_if action=reinterpret pc=0x000000000394cb3c method=java.util.Arrays.hashCode([Ljava/lang/Object;)I @ 1
Event: 20.531 Thread 0x000000001fc55000 Uncommon trap: reason=unstable_if action=reinterpret pc=0x000000000394cb3c method=java.util.Arrays.hashCode([Ljava/lang/Object;)I @ 1
Event: 20.531 Thread 0x000000001fc54000 Uncommon trap: reason=unstable_if action=reinterpret pc=0x000000000394cb3c method=java.util.Arrays.hashCode([Ljava/lang/Object;)I @ 1
Event: 20.531 Thread 0x000000002a01f800 Uncommon trap: reason=unstable_if action=reinterpret pc=0x000000000394cb3c method=java.util.Arrays.hashCode([Ljava/lang/Object;)I @ 1
Event: 20.531 Thread 0x000000001fc56800 Uncommon trap: reason=unstable_if action=reinterpret pc=0x000000000394cb3c method=java.util.Arrays.hashCode([Ljava/lang/Object;)I @ 1
Event: 20.531 Thread 0x000000002a01d000 Uncommon trap: reason=unstable_if action=reinterpret pc=0x000000000394cb3c method=java.util.Arrays.hashCode([Ljava/lang/Object;)I @ 1
Event: 20.542 Thread 0x000000002a01d000 Uncommon trap: reason=unstable_if action=reinterpret pc=0x0000000004245f48 method=java.util.concurrent.ConcurrentLinkedQueue.offer(Ljava/lang/Object;)Z @ 40

Classes redefined (0 events):
No events

Internal exceptions (10 events):
Event: 20.242 Thread 0x000000001ef1a000 Exception <a 'java/lang/NoSuchMethodError': <clinit>> (0x00000000db2608c0) thrown at [C:\src\AOSP-openjdk-git\hotspot\src\share\vm\prims\jni.cpp, line 1615]
Event: 20.243 Thread 0x000000001ef1a000 Exception <a 'java/lang/NoSuchMethodError': <clinit>> (0x00000000db274480) thrown at [C:\src\AOSP-openjdk-git\hotspot\src\share\vm\prims\jni.cpp, line 1615]
Event: 20.402 Thread 0x000000002a020000 Exception <a 'sun/nio/fs/WindowsException'> (0x00000000dbf37d98) thrown at [C:\src\AOSP-openjdk-git\hotspot\src\share\vm\prims\jni.cpp, line 710]
Event: 20.531 Thread 0x000000002a01c800 Implicit null exception at 0x000000000394ca2f to 0x000000000394cb2d
Event: 20.531 Thread 0x000000001fc53800 Implicit null exception at 0x000000000394ca2f to 0x000000000394cb2d
Event: 20.531 Thread 0x000000001fc54000 Implicit null exception at 0x000000000394ca2f to 0x000000000394cb2d
Event: 20.531 Thread 0x000000001fc55000 Implicit null exception at 0x000000000394ca2f to 0x000000000394cb2d
Event: 20.531 Thread 0x000000002a01f800 Implicit null exception at 0x000000000394ca2f to 0x000000000394cb2d
Event: 20.531 Thread 0x000000001fc56800 Implicit null exception at 0x000000000394ca2f to 0x000000000394cb2d
Event: 20.531 Thread 0x000000002a01d000 Implicit null exception at 0x000000000394ca2f to 0x000000000394cb2d

Events (10 events):
Event: 20.662 Thread 0x0000000019e58800 flushing nmethod 0x0000000004693f90
Event: 20.662 Thread 0x0000000019e58800 flushing nmethod 0x0000000004695150
Event: 20.662 Thread 0x0000000019e58800 flushing nmethod 0x000000000469eb50
Event: 20.662 Thread 0x0000000019e58800 flushing nmethod 0x00000000046a3550
Event: 20.662 Thread 0x0000000019e58800 flushing nmethod 0x00000000046a7d50
Event: 20.662 Thread 0x0000000019e58800 flushing nmethod 0x00000000046a95d0
Event: 20.662 Thread 0x0000000019e58800 flushing nmethod 0x00000000046ac1d0
Event: 20.662 Thread 0x0000000019e58800 flushing nmethod 0x00000000047275d0
Event: 20.663 Thread 0x0000000019e58800 flushing nmethod 0x000000000474a150
Event: 20.681 Thread 0x000000002a020000 Uncommon trap: trap_request=0xffffff65 fr.pc=0x0000000003653910


Dynamic libraries:
0x00007ff72f4f0000 - 0x00007ff72f521000 	C:\Program Files\Android\Android Studio\jre\bin\java.exe
0x00007ff87b030000 - 0x00007ff87b225000 	C:\WINDOWS\SYSTEM32\ntdll.dll
0x00007ff87a190000 - 0x00007ff87a24d000 	C:\WINDOWS\System32\KERNEL32.DLL
0x00007ff878b20000 - 0x00007ff878de9000 	C:\WINDOWS\System32\KERNELBASE.dll
0x00007ff879ef0000 - 0x00007ff879f9c000 	C:\WINDOWS\System32\ADVAPI32.dll
0x00007ff879240000 - 0x00007ff8792de000 	C:\WINDOWS\System32\msvcrt.dll
0x00007ff879d70000 - 0x00007ff879e0c000 	C:\WINDOWS\System32\sechost.dll
0x00007ff87a9e0000 - 0x00007ff87ab0b000 	C:\WINDOWS\System32\RPCRT4.dll
0x00007ff879bb0000 - 0x00007ff879d50000 	C:\WINDOWS\System32\USER32.dll
0x00007ff8787a0000 - 0x00007ff8787c2000 	C:\WINDOWS\System32\win32u.dll
0x00007ff87a150000 - 0x00007ff87a17a000 	C:\WINDOWS\System32\GDI32.dll
0x00007ff878a10000 - 0x00007ff878b1b000 	C:\WINDOWS\System32\gdi32full.dll
0x00007ff878df0000 - 0x00007ff878e8d000 	C:\WINDOWS\System32\msvcp_win.dll
0x00007ff878e90000 - 0x00007ff878f90000 	C:\WINDOWS\System32\ucrtbase.dll
0x00007ff8651b0000 - 0x00007ff86544a000 	C:\WINDOWS\WinSxS\amd64_microsoft.windows.common-controls_6595b64144ccf1df_6.0.19041.844_none_ca00b6081b84eb1d\COMCTL32.dll
0x00007ff87a520000 - 0x00007ff87a550000 	C:\WINDOWS\System32\IMM32.DLL
0x00000000556b0000 - 0x0000000055782000 	C:\Program Files\Android\Android Studio\jre\jre\bin\msvcr100.dll
0x00000000542b0000 - 0x0000000054afb000 	C:\Program Files\Android\Android Studio\jre\jre\bin\server\jvm.dll
0x00007ff87a510000 - 0x00007ff87a518000 	C:\WINDOWS\System32\PSAPI.DLL
0x00007ff869630000 - 0x00007ff869657000 	C:\WINDOWS\SYSTEM32\WINMM.dll
0x00007ff86f330000 - 0x00007ff86f33a000 	C:\WINDOWS\SYSTEM32\VERSION.dll
0x00007ff85f4a0000 - 0x00007ff85f4a9000 	C:\WINDOWS\SYSTEM32\WSOCK32.dll
0x00007ff87ab10000 - 0x00007ff87ab7b000 	C:\WINDOWS\System32\WS2_32.dll
0x00007ff871060000 - 0x00007ff87106f000 	C:\Program Files\Android\Android Studio\jre\jre\bin\verify.dll
0x00007ff84be40000 - 0x00007ff84be69000 	C:\Program Files\Android\Android Studio\jre\jre\bin\java.dll
0x00007ff871690000 - 0x00007ff8716a6000 	C:\Program Files\Android\Android Studio\jre\jre\bin\zip.dll
0x00007ff879400000 - 0x00007ff879b42000 	C:\WINDOWS\System32\SHELL32.dll
0x00007ff8768b0000 - 0x00007ff877040000 	C:\WINDOWS\SYSTEM32\windows.storage.dll
0x00007ff87a680000 - 0x00007ff87a9d5000 	C:\WINDOWS\System32\combase.dll
0x00007ff8780a0000 - 0x00007ff8780cc000 	C:\WINDOWS\SYSTEM32\Wldp.dll
0x00007ff879090000 - 0x00007ff87913e000 	C:\WINDOWS\System32\SHCORE.dll
0x00007ff879150000 - 0x00007ff8791a5000 	C:\WINDOWS\System32\shlwapi.dll
0x00007ff8786b0000 - 0x00007ff8786cf000 	C:\WINDOWS\SYSTEM32\profapi.dll
0x00007ff8670a0000 - 0x00007ff8670ba000 	C:\Program Files\Android\Android Studio\jre\jre\bin\net.dll
0x00007ff877e30000 - 0x00007ff877e9a000 	C:\WINDOWS\system32\mswsock.dll
0x00007ff870ae0000 - 0x00007ff870af3000 	C:\Program Files\Android\Android Studio\jre\jre\bin\nio.dll
0x00007ff871090000 - 0x00007ff8710b7000 	C:\Users\ageli\.gradle\native\f6784746aeab05261644944871eae4fe03e0ef1612fff0a4a95f87b438bc6780\windows-amd64\native-platform.dll
0x00007ff872e30000 - 0x00007ff872e3d000 	C:\Program Files\Android\Android Studio\jre\jre\bin\management.dll
0x00007ff878150000 - 0x00007ff878168000 	C:\WINDOWS\SYSTEM32\CRYPTSP.dll
0x00007ff8777f0000 - 0x00007ff877824000 	C:\WINDOWS\system32\rsaenh.dll
0x00007ff878770000 - 0x00007ff878797000 	C:\WINDOWS\System32\bcrypt.dll
0x00007ff878670000 - 0x00007ff87869e000 	C:\WINDOWS\SYSTEM32\USERENV.dll
0x00007ff878830000 - 0x00007ff8788b0000 	C:\WINDOWS\System32\bcryptprimitives.dll
0x00007ff878010000 - 0x00007ff87801c000 	C:\WINDOWS\SYSTEM32\CRYPTBASE.dll
0x00007ff877b40000 - 0x00007ff877b7b000 	C:\WINDOWS\SYSTEM32\IPHLPAPI.DLL
0x00007ff879140000 - 0x00007ff879148000 	C:\WINDOWS\System32\NSI.dll
0x00007ff871c30000 - 0x00007ff871c47000 	C:\WINDOWS\SYSTEM32\dhcpcsvc6.DLL
0x00007ff872610000 - 0x00007ff87262d000 	C:\WINDOWS\SYSTEM32\dhcpcsvc.DLL
0x00007ff877b80000 - 0x00007ff877c4b000 	C:\WINDOWS\SYSTEM32\DNSAPI.dll
0x00007ff8729a0000 - 0x00007ff8729ab000 	C:\WINDOWS\SYSTEM32\WINNSI.DLL

VM Arguments:
jvm_args: -Xmx2048m -Dfile.encoding=UTF-8 -Duser.country=US -Duser.language=en -Duser.variant 
java_command: org.gradle.launcher.daemon.bootstrap.GradleDaemon 6.5
java_class_path (initial): C:\Users\ageli\.gradle\wrapper\dists\gradle-6.5-bin\6nifqtx7604sqp1q6g8wikw7p\gradle-6.5\lib\gradle-launcher-6.5.jar
Launcher Type: SUN_STANDARD

Environment Variables:
PATH=C:\Program Files (x86)\Common Files\Oracle\Java\javapath;C:\ProgramData\Oracle\Java\javapath;C:\Windows\system32;C:\Windows;C:\Windows\System32\Wbem;C:\Windows\System32\WindowsPowerShell\v1.0\;C:\Program Files (x86)\NVIDIA Corporation\PhysX\Common;C:\Program Files\Microsoft SQL Server\130\Tools\Binn\;C:\WINDOWS\system32;C:\WINDOWS;C:\WINDOWS\System32\Wbem;C:\WINDOWS\System32\WindowsPowerShell\v1.0\;C:\WINDOWS\System32\OpenSSH\;C:\Program Files\dotnet\;C:\Program Files\Git\cmd;C:\Program Files\Git\mingw64\bin;C:\Program Files\Git\usr\bin;C:\Program Files (x86)\GnuWin32\bin;C:\MinGW\bin;C:\Program Files\PostgreSQL\10\bin;C:\Program Files\PostgreSQL\10\lib;C:\Program Files\swipl\bin;C:\Program Files\MATLAB\R2020a\bin;C:\Program Files (x86)\Microsoft SQL Server\150\DTS\Binn\;C:\Program Files\Azure Data Studio\bin;C:\Program Files\Microsoft SQL Server\Client SDK\ODBC\170\Tools\Binn\;C:\Program Files (x86)\Microsoft SQL Server\150\Tools\Binn\;C:\Program Files\Microsoft SQL Server\150\Tools\Binn\;C:\Program Files\Microsoft SQL Server\150\DTS\Binn\;C:\ProgramData\chocolatey\bin;;C:\Program Files\Docker\Docker\resources\bin;C:\ProgramData\DockerDesktop\version-bin;D:\Ruby27-x64\bin;C:\RailsInstaller\Ruby2.2.0\bin;C:\RailsInstaller\Git\cmd;C:\RailsInstaller\Ruby2.3.3\bin;C:\Users\ageli\AppData\Local\Programs\Python\Python36\Scripts\;C:\Users\ageli\AppData\Local\Programs\Python\Python36\;C:\Users\ageli\AppData\Local\Microsoft\WindowsApps;C:\Users\ageli\AppData\Local\atom\bin;C:\Users\ageli\AppData\Local\Microsoft\WindowsApps;C:\Program Files\JetBrains\IntelliJ IDEA Educational Edition 2020.1\bin;;C:\Users\ageli\Documents\tex\miktex\bin\x64\;D:\Program Files\CMake\bin;D:\Users\ageli\Documents\Microsoft VS Code\bin;C:\Program Files\Azure Data Studio\bin;C:\Program Files\heroku\bin;C:\Users\ageli\AppData\Local\GitHubDesktop\bin;C:\Users\ageli\.dotnet\tools;C:\Users\ageli\AppData\Local\Programs\MiKTeX\miktex\bin\x64\
USERNAME=ageli
OS=Windows_NT
PROCESSOR_IDENTIFIER=AMD64 Family 23 Model 1 Stepping 1, AuthenticAMD



---------------  S Y S T E M  ---------------

OS: Windows 10.0 , 64 bit Build 19041 (10.0.19041.804)

CPU:total 8 (initial active 8) (8 cores per cpu, 1 threads per core) family 23 model 1 stepping 1, cmov, cx8, fxsr, mmx, sse, sse2, sse3, ssse3, sse4.1, sse4.2, popcnt, avx, avx2, aes, clmul, mmxext, 3dnowpref, lzcnt, sse4a, tsc, tscinvbit, tscinv, bmi1

Memory: 4k page, physical 8317716k(433792k free), swap 20900628k(976k free)

vm_info: OpenJDK 64-Bit Server VM (25.242-b01) for windows-amd64 JRE (1.8.0_242-release-1644-b01), built by "builder" with MS VC++ 10.0 (VS2010)

time: Fri Apr 16 11:50:50 2021
timezone: GTB Daylight Time
elapsed time: 20 seconds (0d 0h 0m 20s)

