#
# There is insufficient memory for the Java Runtime Environment to continue.
# Native memory allocation (malloc) failed to allocate 32744 bytes for ChunkPool::allocate
# Possible reasons:
#   The system is out of physical RAM or swap space
#   The process is running with CompressedOops enabled, and the Java Heap may be blocking the growth of the native heap
# Possible solutions:
#   Reduce memory load on the system
#   Increase physical memory or swap space
#   Check if swap backing store is full
#   Decrease Java heap size (-Xmx/-Xms)
#   Decrease number of Java threads
#   Decrease Java thread stack sizes (-Xss)
#   Set larger code cache with -XX:ReservedCodeCacheSize=
#   JVM is running with Unscaled Compressed Oops mode in which the Java heap is
#     placed in the first 4GB address space. The Java Heap base address is the
#     maximum limit for the native heap growth. Please use -XX:HeapBaseMinAddress
#     to set the Java Heap base and to place the Java Heap above 4GB virtual address.
# This output file may be truncated or incomplete.
#
#  Out of Memory Error (allocation.cpp:272), pid=13260, tid=0x0000000000002ff4
#
# JRE version: OpenJDK Runtime Environment (8.0_242-b01) (build 1.8.0_242-release-1644-b01)
# Java VM: OpenJDK 64-Bit Server VM (25.242-b01 mixed mode windows-amd64 compressed oops)
# Failed to write core dump. Minidumps are not enabled by default on client versions of Windows
#

---------------  T H R E A D  ---------------

Current thread (0x0000000019ac4800):  JavaThread "C2 CompilerThread2" daemon [_thread_in_native, id=12276, stack(0x000000001a580000,0x000000001a680000)]

Stack: [0x000000001a580000,0x000000001a680000]
[error occurred during error reporting (printing stack bounds), id 0xc0000005]

Native frames: (J=compiled Java code, j=interpreted, Vv=VM code, C=native code)


Current CompileTask:
C2:  10537 4731       4       com.sun.beans.TypeResolver::resolve (37 bytes)


---------------  P R O C E S S  ---------------

Java Threads: ( => current thread )
  0x000000001ee5d000 JavaThread "Cache worker for Build Output Cleanup Cache (C:\Users\ageli\AndroidStudioProjects\qrCodeTry1\.gradle\buildOutputCleanup)" [_thread_blocked, id=20964, stack(0x0000000028940000,0x0000000028a40000)]
  0x000000001ee56800 JavaThread "jar transforms Thread 92" [_thread_blocked, id=26612, stack(0x0000000028640000,0x0000000028740000)]
  0x000000001ee55000 JavaThread "jar transforms Thread 91" [_thread_blocked, id=26364, stack(0x0000000028540000,0x0000000028640000)]
  0x000000001ee59800 JavaThread "jar transforms Thread 90" [_thread_blocked, id=2068, stack(0x0000000028440000,0x0000000028540000)]
  0x000000001ee58800 JavaThread "jar transforms Thread 89" [_thread_blocked, id=10992, stack(0x0000000028340000,0x0000000028440000)]
  0x000000001ee5b800 JavaThread "jar transforms Thread 88" [_thread_blocked, id=7388, stack(0x0000000028240000,0x0000000028340000)]
  0x000000001ee55800 JavaThread "jar transforms Thread 87" [_thread_blocked, id=15812, stack(0x0000000028140000,0x0000000028240000)]
  0x000000001ee5a000 JavaThread "jar transforms Thread 86" [_thread_blocked, id=14508, stack(0x0000000028040000,0x0000000028140000)]
  0x000000001ee5b000 JavaThread "jar transforms Thread 85" [_thread_blocked, id=7212, stack(0x0000000027f40000,0x0000000028040000)]
  0x000000001f1f8800 JavaThread "jar transforms Thread 84" [_thread_blocked, id=7032, stack(0x0000000027e40000,0x0000000027f40000)]
  0x000000001f1fe800 JavaThread "jar transforms Thread 83" [_thread_blocked, id=26296, stack(0x0000000027d40000,0x0000000027e40000)]
  0x000000001f1fd800 JavaThread "jar transforms Thread 82" [_thread_blocked, id=26052, stack(0x0000000027c40000,0x0000000027d40000)]
  0x000000001f1ff000 JavaThread "jar transforms Thread 81" [_thread_blocked, id=15048, stack(0x0000000027b40000,0x0000000027c40000)]
  0x000000001f1fb800 JavaThread "jar transforms Thread 80" [_thread_blocked, id=25860, stack(0x0000000027a40000,0x0000000027b40000)]
  0x000000001f1fd000 JavaThread "jar transforms Thread 79" [_thread_blocked, id=17924, stack(0x0000000027940000,0x0000000027a40000)]
  0x000000001f1fa000 JavaThread "jar transforms Thread 78" [_thread_blocked, id=9256, stack(0x0000000027840000,0x0000000027940000)]
  0x000000001f1f9000 JavaThread "jar transforms Thread 77" [_thread_blocked, id=15256, stack(0x0000000027740000,0x0000000027840000)]
  0x000000001f1fa800 JavaThread "jar transforms Thread 76" [_thread_blocked, id=15352, stack(0x0000000027640000,0x0000000027740000)]
  0x000000001f1fc000 JavaThread "jar transforms Thread 75" [_thread_blocked, id=20024, stack(0x0000000027540000,0x0000000027640000)]
  0x000000001f1f0800 JavaThread "jar transforms Thread 74" [_thread_blocked, id=15704, stack(0x0000000027440000,0x0000000027540000)]
  0x000000001f1f7800 JavaThread "jar transforms Thread 73" [_thread_blocked, id=22508, stack(0x0000000027340000,0x0000000027440000)]
  0x000000001f1f0000 JavaThread "jar transforms Thread 72" [_thread_blocked, id=14812, stack(0x0000000027240000,0x0000000027340000)]
  0x000000001f1f6000 JavaThread "jar transforms Thread 71" [_thread_blocked, id=25656, stack(0x0000000027140000,0x0000000027240000)]
  0x000000001f1f5000 JavaThread "jar transforms Thread 70" [_thread_blocked, id=4036, stack(0x0000000027040000,0x0000000027140000)]
  0x000000001f1f3000 JavaThread "jar transforms Thread 69" [_thread_blocked, id=16036, stack(0x0000000026f40000,0x0000000027040000)]
  0x000000001f1f4800 JavaThread "jar transforms Thread 68" [_thread_blocked, id=16892, stack(0x0000000026e40000,0x0000000026f40000)]
  0x000000001f1f3800 JavaThread "jar transforms Thread 67" [_thread_blocked, id=18316, stack(0x0000000026d40000,0x0000000026e40000)]
  0x000000001f1f2000 JavaThread "jar transforms Thread 66" [_thread_blocked, id=26176, stack(0x0000000026c40000,0x0000000026d40000)]
  0x000000001f1f1800 JavaThread "jar transforms Thread 65" [_thread_blocked, id=17324, stack(0x0000000026b40000,0x0000000026c40000)]
  0x000000001f1f6800 JavaThread "jar transforms Thread 64" [_thread_blocked, id=9888, stack(0x0000000026a40000,0x0000000026b40000)]
  0x000000001cd5d800 JavaThread "jar transforms Thread 63" [_thread_blocked, id=10468, stack(0x0000000026940000,0x0000000026a40000)]
  0x000000001cd5b000 JavaThread "jar transforms Thread 62" [_thread_blocked, id=18160, stack(0x0000000026840000,0x0000000026940000)]
  0x000000001cd5c800 JavaThread "jar transforms Thread 61" [_thread_blocked, id=25692, stack(0x0000000026740000,0x0000000026840000)]
  0x000000001cd5a800 JavaThread "jar transforms Thread 60" [_thread_blocked, id=21856, stack(0x0000000026640000,0x0000000026740000)]
  0x000000001cd5c000 JavaThread "jar transforms Thread 59" [_thread_blocked, id=8620, stack(0x0000000026540000,0x0000000026640000)]
  0x000000001cd59800 JavaThread "jar transforms Thread 58" [_thread_blocked, id=15636, stack(0x0000000026440000,0x0000000026540000)]
  0x000000001cd52000 JavaThread "jar transforms Thread 57" [_thread_blocked, id=25820, stack(0x0000000026340000,0x0000000026440000)]
  0x000000001cd58000 JavaThread "jar transforms Thread 56" [_thread_blocked, id=16048, stack(0x0000000026240000,0x0000000026340000)]
  0x000000001cd57800 JavaThread "jar transforms Thread 55" [_thread_blocked, id=1216, stack(0x0000000026140000,0x0000000026240000)]
  0x000000001cd56800 JavaThread "jar transforms Thread 54" [_thread_blocked, id=6904, stack(0x0000000026040000,0x0000000026140000)]
  0x000000001cd59000 JavaThread "jar transforms Thread 53" [_thread_blocked, id=23048, stack(0x0000000025f40000,0x0000000026040000)]
  0x000000001cd4f000 JavaThread "jar transforms Thread 52" [_thread_blocked, id=5212, stack(0x0000000025e40000,0x0000000025f40000)]
  0x000000001cd56000 JavaThread "jar transforms Thread 51" [_thread_blocked, id=25528, stack(0x0000000025d40000,0x0000000025e40000)]
  0x000000001cd4e800 JavaThread "jar transforms Thread 50" [_thread_blocked, id=18576, stack(0x0000000025c40000,0x0000000025d40000)]
  0x000000001cd55000 JavaThread "jar transforms Thread 49" [_thread_blocked, id=18552, stack(0x0000000025b40000,0x0000000025c40000)]
  0x000000001cd51800 JavaThread "jar transforms Thread 48" [_thread_blocked, id=16344, stack(0x0000000025a40000,0x0000000025b40000)]
  0x000000001cd50800 JavaThread "jar transforms Thread 47" [_thread_blocked, id=21080, stack(0x0000000025940000,0x0000000025a40000)]
  0x000000001cd54800 JavaThread "jar transforms Thread 46" [_thread_blocked, id=7924, stack(0x0000000025840000,0x0000000025940000)]
  0x000000001cd53800 JavaThread "jar transforms Thread 45" [_thread_blocked, id=18896, stack(0x0000000025740000,0x0000000025840000)]
  0x000000001cd53000 JavaThread "jar transforms Thread 44" [_thread_blocked, id=18524, stack(0x0000000025640000,0x0000000025740000)]
  0x000000001cd50000 JavaThread "jar transforms Thread 43" [_thread_blocked, id=20428, stack(0x0000000025540000,0x0000000025640000)]
  0x000000001f4a7000 JavaThread "jar transforms Thread 42" [_thread_blocked, id=26256, stack(0x0000000025440000,0x0000000025540000)]
  0x000000001f4ab800 JavaThread "jar transforms Thread 41" [_thread_blocked, id=9456, stack(0x0000000025340000,0x0000000025440000)]
  0x000000001f4ab000 JavaThread "jar transforms Thread 40" [_thread_blocked, id=12320, stack(0x0000000025240000,0x0000000025340000)]
  0x000000001f4a8800 JavaThread "jar transforms Thread 39" [_thread_blocked, id=25320, stack(0x0000000025140000,0x0000000025240000)]
  0x000000001f4aa000 JavaThread "jar transforms Thread 38" [_thread_blocked, id=23776, stack(0x0000000025040000,0x0000000025140000)]
  0x000000001f4a8000 JavaThread "jar transforms Thread 37" [_thread_blocked, id=25240, stack(0x0000000024f40000,0x0000000025040000)]
  0x000000001f4a9800 JavaThread "jar transforms Thread 36" [_thread_blocked, id=18824, stack(0x0000000024e40000,0x0000000024f40000)]
  0x000000001f4a6800 JavaThread "jar transforms Thread 35" [_thread_blocked, id=12372, stack(0x0000000024d40000,0x0000000024e40000)]
  0x000000001f4a0800 JavaThread "jar transforms Thread 34" [_thread_blocked, id=22188, stack(0x0000000024c40000,0x0000000024d40000)]
  0x000000001f49f000 JavaThread "jar transforms Thread 33" [_thread_blocked, id=7820, stack(0x0000000024b40000,0x0000000024c40000)]
  0x000000001f4a5000 JavaThread "jar transforms Thread 32" [_thread_blocked, id=16520, stack(0x0000000024a40000,0x0000000024b40000)]
  0x000000001f4a2800 JavaThread "jar transforms Thread 31" [_thread_blocked, id=18320, stack(0x0000000024940000,0x0000000024a40000)]
  0x000000001f4a4000 JavaThread "jar transforms Thread 30" [_thread_blocked, id=18608, stack(0x0000000024840000,0x0000000024940000)]
  0x000000001f4a2000 JavaThread "jar transforms Thread 29" [_thread_blocked, id=18976, stack(0x0000000024740000,0x0000000024840000)]
  0x000000001f4a5800 JavaThread "jar transforms Thread 28" [_thread_blocked, id=6060, stack(0x0000000024640000,0x0000000024740000)]
  0x000000001f4a1000 JavaThread "jar transforms Thread 27" [_thread_blocked, id=24056, stack(0x0000000024540000,0x0000000024640000)]
  0x000000001f49f800 JavaThread "jar transforms Thread 26" [_thread_blocked, id=8968, stack(0x0000000024440000,0x0000000024540000)]
  0x000000001f49d800 JavaThread "jar transforms Thread 25" [_thread_blocked, id=13808, stack(0x0000000024340000,0x0000000024440000)]
  0x000000001f49c800 JavaThread "jar transforms Thread 24" [_thread_blocked, id=14564, stack(0x0000000024240000,0x0000000024340000)]
  0x000000001f4a3800 JavaThread "jar transforms Thread 23" [_thread_blocked, id=25704, stack(0x0000000024140000,0x0000000024240000)]
  0x000000001f49e000 JavaThread "jar transforms Thread 22" [_thread_blocked, id=22212, stack(0x0000000024040000,0x0000000024140000)]
  0x000000001b7e4800 JavaThread "jar transforms Thread 21" [_thread_blocked, id=19924, stack(0x0000000023f40000,0x0000000024040000)]
  0x000000001b7e4000 JavaThread "jar transforms Thread 20" [_thread_blocked, id=18712, stack(0x0000000023e40000,0x0000000023f40000)]
  0x000000001b7e8800 JavaThread "jar transforms Thread 19" [_thread_blocked, id=24516, stack(0x0000000023d40000,0x0000000023e40000)]
  0x000000001b7e7800 JavaThread "jar transforms Thread 18" [_thread_blocked, id=14964, stack(0x0000000023c40000,0x0000000023d40000)]
  0x000000001b7e6000 JavaThread "jar transforms Thread 17" [_thread_blocked, id=12848, stack(0x0000000023b40000,0x0000000023c40000)]
  0x000000001b7e5800 JavaThread "jar transforms Thread 16" [_thread_blocked, id=12156, stack(0x0000000023a40000,0x0000000023b40000)]
  0x000000001b7e3000 JavaThread "jar transforms Thread 15" [_thread_blocked, id=12768, stack(0x0000000023940000,0x0000000023a40000)]
  0x000000001b7e9000 JavaThread "jar transforms Thread 14" [_thread_blocked, id=14884, stack(0x0000000023840000,0x0000000023940000)]
  0x000000001b7e2800 JavaThread "jar transforms Thread 13" [_thread_blocked, id=1288, stack(0x0000000023740000,0x0000000023840000)]
  0x000000001b7e7000 JavaThread "jar transforms Thread 12" [_thread_blocked, id=25332, stack(0x0000000023640000,0x0000000023740000)]
  0x000000001f3e5800 JavaThread "jar transforms Thread 11" [_thread_blocked, id=10304, stack(0x0000000023540000,0x0000000023640000)]
  0x000000001f3e4800 JavaThread "jar transforms Thread 10" [_thread_blocked, id=26220, stack(0x0000000023440000,0x0000000023540000)]
  0x000000001f3e3000 JavaThread "jar transforms Thread 9" [_thread_blocked, id=3512, stack(0x0000000023340000,0x0000000023440000)]
  0x000000001f3de800 JavaThread "jar transforms Thread 8" [_thread_blocked, id=8824, stack(0x0000000023240000,0x0000000023340000)]
  0x000000001f3e1800 JavaThread "jar transforms Thread 7" [_thread_blocked, id=26444, stack(0x0000000023140000,0x0000000023240000)]
  0x000000001f3e1000 JavaThread "jar transforms Thread 6" [_thread_blocked, id=7504, stack(0x0000000023040000,0x0000000023140000)]
  0x000000001f3de000 JavaThread "jar transforms Thread 5" [_thread_blocked, id=15176, stack(0x0000000022f40000,0x0000000023040000)]
  0x000000001f3e2800 JavaThread "jar transforms Thread 4" [_thread_blocked, id=16028, stack(0x0000000022e40000,0x0000000022f40000)]
  0x000000001f3e0000 JavaThread "jar transforms Thread 3" [_thread_blocked, id=15800, stack(0x0000000022d40000,0x0000000022e40000)]
  0x000000001f3e4000 JavaThread "jar transforms Thread 2" [_thread_blocked, id=15796, stack(0x0000000022c40000,0x0000000022d40000)]
  0x000000001f3df800 JavaThread "Build operations Thread 8" [_thread_blocked, id=2208, stack(0x0000000022b40000,0x0000000022c40000)]
  0x000000001f3da000 JavaThread "Build operations Thread 7" [_thread_blocked, id=10768, stack(0x0000000022a40000,0x0000000022b40000)]
  0x000000001f3d6800 JavaThread "Build operations Thread 6" [_thread_blocked, id=25216, stack(0x0000000022940000,0x0000000022a40000)]
  0x000000001f3d9800 JavaThread "Build operations Thread 5" [_thread_blocked, id=20592, stack(0x0000000022840000,0x0000000022940000)]
  0x000000001f3d8000 JavaThread "Build operations Thread 4" [_thread_blocked, id=26340, stack(0x0000000022740000,0x0000000022840000)]
  0x000000001f3d8800 JavaThread "Build operations Thread 3" [_thread_blocked, id=6864, stack(0x0000000022640000,0x0000000022740000)]
  0x000000001f3d7000 JavaThread "Build operations Thread 2" [_thread_blocked, id=7760, stack(0x0000000022540000,0x0000000022640000)]
  0x000000001f3dd000 JavaThread "Build operations" [_thread_blocked, id=26196, stack(0x0000000022440000,0x0000000022540000)]
  0x000000001c74f800 JavaThread "Cache worker for file content cache (C:\Users\ageli\.gradle\caches\6.5\fileContent)" [_thread_blocked, id=10784, stack(0x0000000021d40000,0x0000000021e40000)]
  0x000000001c753000 JavaThread "jar transforms" [_thread_blocked, id=1984, stack(0x0000000021c40000,0x0000000021d40000)]
  0x000000001c750000 JavaThread "Cache worker for execution history cache (C:\Users\ageli\.gradle\caches\6.5\executionHistory)" [_thread_blocked, id=26576, stack(0x0000000021540000,0x0000000021640000)]
  0x000000001c751800 JavaThread "Cache worker for cache directory md-rule (C:\Users\ageli\.gradle\caches\6.5\md-rule)" [_thread_blocked, id=26096, stack(0x0000000021440000,0x0000000021540000)]
  0x000000001c756000 JavaThread "Cache worker for cache directory md-supplier (C:\Users\ageli\.gradle\caches\6.5\md-supplier)" [_thread_blocked, id=19720, stack(0x0000000021340000,0x0000000021440000)]
  0x000000001c755800 JavaThread "Cache worker for checksums cache (C:\Users\ageli\AndroidStudioProjects\qrCodeTry1\.gradle\checksums)" [_thread_blocked, id=25676, stack(0x0000000021240000,0x0000000021340000)]
  0x000000001c754800 JavaThread "Cache worker for file hash cache (C:\Users\ageli\AndroidStudioProjects\qrCodeTry1\.gradle\6.5\fileHashes)" [_thread_blocked, id=15672, stack(0x0000000020f40000,0x0000000021040000)]
  0x000000001c752800 JavaThread "Cache worker for file hash cache (C:\Users\ageli\.gradle\caches\6.5\fileHashes)" [_thread_blocked, id=26480, stack(0x000000001eaa0000,0x000000001eba0000)]
  0x000000001c751000 JavaThread "File lock request listener" [_thread_in_native, id=14376, stack(0x000000001e9a0000,0x000000001eaa0000)]
  0x000000001c534000 JavaThread "Cache worker for journal cache (C:\Users\ageli\.gradle\caches\journal-1)" [_thread_blocked, id=25744, stack(0x000000001e8a0000,0x000000001e9a0000)]
  0x000000001bec0000 JavaThread "Thread-9" [_thread_blocked, id=12692, stack(0x000000001e5a0000,0x000000001e6a0000)]
  0x000000001b6a8800 JavaThread "Stdin handler" [_thread_blocked, id=1468, stack(0x000000001e4a0000,0x000000001e5a0000)]
  0x000000001c48e800 JavaThread "Asynchronous log dispatcher for DefaultDaemonConnection: socket connection from /127.0.0.1:4767 to /127.0.0.1:4768" [_thread_blocked, id=17264, stack(0x000000001e3a0000,0x000000001e4a0000)]
  0x000000001c48e000 JavaThread "Daemon worker" [_thread_in_vm, id=16140, stack(0x000000001e2a0000,0x000000001e3a0000)]
  0x000000001c49f000 JavaThread "Cancel handler" [_thread_blocked, id=15828, stack(0x000000001e0a0000,0x000000001e1a0000)]
  0x000000001c44b800 JavaThread "Handler for socket connection from /127.0.0.1:4767 to /127.0.0.1:4768" [_thread_in_native, id=19812, stack(0x000000001dfa0000,0x000000001e0a0000)]
  0x000000001c41d000 JavaThread "Daemon" [_thread_blocked, id=14328, stack(0x000000001dea0000,0x000000001dfa0000)]
  0x000000001b231800 JavaThread "Daemon periodic checks" [_thread_blocked, id=25640, stack(0x000000001dba0000,0x000000001dca0000)]
  0x000000001c442800 JavaThread "Incoming local TCP Connector on port 4767" [_thread_in_native, id=18928, stack(0x000000001d960000,0x000000001da60000)]
  0x000000001c3d8800 JavaThread "Daemon health stats" [_thread_blocked, id=25484, stack(0x000000001d320000,0x000000001d420000)]
  0x0000000019b57800 JavaThread "Service Thread" daemon [_thread_blocked, id=11684, stack(0x000000001a780000,0x000000001a880000)]
  0x0000000019aca800 JavaThread "C1 CompilerThread3" daemon [_thread_blocked, id=21004, stack(0x000000001a680000,0x000000001a780000)]
=>0x0000000019ac4800 JavaThread "C2 CompilerThread2" daemon [_thread_in_native, id=12276, stack(0x000000001a580000,0x000000001a680000)]
  0x0000000019ab8800 JavaThread "C2 CompilerThread1" daemon [_thread_in_native, id=13316, stack(0x000000001a480000,0x000000001a580000)]
  0x0000000019ab2000 JavaThread "C2 CompilerThread0" daemon [_thread_in_native, id=21892, stack(0x000000001a380000,0x000000001a480000)]
  0x0000000019ab1000 JavaThread "Attach Listener" daemon [_thread_blocked, id=22632, stack(0x000000001a280000,0x000000001a380000)]
  0x0000000019aaf000 JavaThread "Signal Dispatcher" daemon [_thread_blocked, id=26208, stack(0x000000001a180000,0x000000001a280000)]
  0x0000000002c09000 JavaThread "Finalizer" daemon [_thread_blocked, id=25724, stack(0x0000000019f80000,0x000000001a080000)]
  0x0000000017cac000 JavaThread "Reference Handler" daemon [_thread_blocked, id=18832, stack(0x0000000019e80000,0x0000000019f80000)]
  0x0000000002b12800 JavaThread "main" [_thread_blocked, id=25192, stack(0x0000000002a10000,0x0000000002b10000)]

Other Threads:
  0x0000000017ca7800 VMThread [stack: 0x0000000019980000,0x0000000019a80000] [id=13412]
  0x0000000019b58800 WatcherThread [stack: 0x000000001a880000,0x000000001a980000] [id=9800]

VM state:not at safepoint (normal execution)

VM Mutex/Monitor currently owned by a thread: None

heap address: 0x0000000080000000, size: 2048 MB, Compressed Oops mode: 32-bit
Narrow klass base: 0x0000000000000000, Narrow klass shift: 3
Compressed class space size: 1073741824 Address: 0x0000000100000000

Heap:
 PSYoungGen      total 257024K, used 83158K [0x00000000d5580000, 0x00000000e5e80000, 0x0000000100000000)
  eden space 242688K, 28% used [0x00000000d5580000,0x00000000d98b7c70,0x00000000e4280000)
  from space 14336K, 99% used [0x00000000e4280000,0x00000000e507dc28,0x00000000e5080000)
  to   space 12288K, 0% used [0x00000000e5280000,0x00000000e5280000,0x00000000e5e80000)
 ParOldGen       total 68096K, used 21380K [0x0000000080000000, 0x0000000084280000, 0x00000000d5580000)
  object space 68096K, 31% used [0x0000000080000000,0x00000000814e1150,0x0000000084280000)
 Metaspace       used 52979K, capacity 55102K, committed 55208K, reserved 1097728K
  class space    used 7134K, capacity 7561K, committed 7600K, reserved 1048576K

Card table byte_map: [0x0000000011fd0000,0x00000000123e0000] byte_map_base: 0x0000000011bd0000

Marking Bits: (ParMarkBitMap*) 0x0000000077a6f030
 Begin Bits: [0x0000000012e90000, 0x0000000014e90000)
 End Bits:   [0x0000000014e90000, 0x0000000016e90000)

Polling page: 0x0000000001310000

CodeCache: size=245760Kb used=15179Kb max_used=15179Kb free=230580Kb
 bounds [0x0000000002c10000, 0x0000000003af0000, 0x0000000011c10000]
 total_blobs=5223 nmethods=4461 adapters=675
 compilation: enabled

Compilation events (10 events):
Event: 10.438 Thread 0x0000000019aca800 nmethod 4860 0x0000000003aee550 code [0x0000000003aee720, 0x0000000003aeefb8]
Event: 10.452 Thread 0x0000000019aca800 4861       3       org.gradle.api.internal.tasks.DefaultTaskContainer_Decorated::getEventRegister (39 bytes)
Event: 10.453 Thread 0x0000000019aca800 nmethod 4861 0x0000000003aed910 code [0x0000000003aedae0, 0x0000000003aee288]
Event: 10.486 Thread 0x0000000019aca800 4862       1       jdk.internal.org.objectweb.asm.MethodWriter::visitEnd (1 bytes)
Event: 10.487 Thread 0x0000000019aca800 nmethod 4862 0x0000000003aed650 code [0x0000000003aed7a0, 0x0000000003aed8b0]
Event: 10.490 Thread 0x0000000019aca800 4863       1       org.gradle.api.internal.provider.DefaultProperty::getType (5 bytes)
Event: 10.490 Thread 0x0000000019aca800 nmethod 4863 0x0000000003aed390 code [0x0000000003aed4e0, 0x0000000003aed5f0]
Event: 10.490 Thread 0x0000000019aca800 4864       3       com.google.common.collect.ImmutableSet::builder (8 bytes)
Event: 10.491 Thread 0x0000000019aca800 nmethod 4864 0x0000000003aecc10 code [0x0000000003aecda0, 0x0000000003aed1a8]
Event: 10.506 Thread 0x0000000019ab2000 4865       4       java.lang.invoke.MethodType::makeImpl (66 bytes)

GC Heap History (10 events):
Event: 3.746 GC heap before
{Heap before GC invocations=7 (full 1):
 PSYoungGen      total 144384K, used 5216K [0x00000000d5580000, 0x00000000dee80000, 0x0000000100000000)
  eden space 133120K, 0% used [0x00000000d5580000,0x00000000d5580000,0x00000000dd780000)
  from space 11264K, 46% used [0x00000000de380000,0x00000000de898040,0x00000000dee80000)
  to   space 11776K, 0% used [0x00000000dd780000,0x00000000dd780000,0x00000000de300000)
 ParOldGen       total 87552K, used 10194K [0x0000000080000000, 0x0000000085580000, 0x00000000d5580000)
  object space 87552K, 11% used [0x0000000080000000,0x00000000809f4b88,0x0000000085580000)
 Metaspace       used 20582K, capacity 21220K, committed 21296K, reserved 1067008K
  class space    used 2873K, capacity 3076K, committed 3120K, reserved 1048576K
Event: 3.786 GC heap after
Heap after GC invocations=7 (full 1):
 PSYoungGen      total 144384K, used 0K [0x00000000d5580000, 0x00000000dee80000, 0x0000000100000000)
  eden space 133120K, 0% used [0x00000000d5580000,0x00000000d5580000,0x00000000dd780000)
  from space 11264K, 0% used [0x00000000de380000,0x00000000de380000,0x00000000dee80000)
  to   space 11776K, 0% used [0x00000000dd780000,0x00000000dd780000,0x00000000de300000)
 ParOldGen       total 50688K, used 6706K [0x0000000080000000, 0x0000000083180000, 0x00000000d5580000)
  object space 50688K, 13% used [0x0000000080000000,0x000000008068cb50,0x0000000083180000)
 Metaspace       used 20582K, capacity 21220K, committed 21296K, reserved 1067008K
  class space    used 2873K, capacity 3076K, committed 3120K, reserved 1048576K
}
Event: 5.598 GC heap before
{Heap before GC invocations=8 (full 1):
 PSYoungGen      total 144384K, used 133120K [0x00000000d5580000, 0x00000000dee80000, 0x0000000100000000)
  eden space 133120K, 100% used [0x00000000d5580000,0x00000000dd780000,0x00000000dd780000)
  from space 11264K, 0% used [0x00000000de380000,0x00000000de380000,0x00000000dee80000)
  to   space 11776K, 0% used [0x00000000dd780000,0x00000000dd780000,0x00000000de300000)
 ParOldGen       total 50688K, used 6706K [0x0000000080000000, 0x0000000083180000, 0x00000000d5580000)
  object space 50688K, 13% used [0x0000000080000000,0x000000008068cb50,0x0000000083180000)
 Metaspace       used 32998K, capacity 34110K, committed 34352K, reserved 1079296K
  class space    used 4512K, capacity 4790K, committed 4912K, reserved 1048576K
Event: 5.616 GC heap after
Heap after GC invocations=8 (full 1):
 PSYoungGen      total 144896K, used 11755K [0x00000000d5580000, 0x00000000e6180000, 0x0000000100000000)
  eden space 133120K, 0% used [0x00000000d5580000,0x00000000d5580000,0x00000000dd780000)
  from space 11776K, 99% used [0x00000000dd780000,0x00000000de2fae48,0x00000000de300000)
  to   space 15360K, 0% used [0x00000000e5280000,0x00000000e5280000,0x00000000e6180000)
 ParOldGen       total 50688K, used 9337K [0x0000000080000000, 0x0000000083180000, 0x00000000d5580000)
  object space 50688K, 18% used [0x0000000080000000,0x000000008091e5d8,0x0000000083180000)
 Metaspace       used 32998K, capacity 34110K, committed 34352K, reserved 1079296K
  class space    used 4512K, capacity 4790K, committed 4912K, reserved 1048576K
}
Event: 5.896 GC heap before
{Heap before GC invocations=9 (full 1):
 PSYoungGen      total 144896K, used 40146K [0x00000000d5580000, 0x00000000e6180000, 0x0000000100000000)
  eden space 133120K, 21% used [0x00000000d5580000,0x00000000d7139aa0,0x00000000dd780000)
  from space 11776K, 99% used [0x00000000dd780000,0x00000000de2fae48,0x00000000de300000)
  to   space 15360K, 0% used [0x00000000e5280000,0x00000000e5280000,0x00000000e6180000)
 ParOldGen       total 50688K, used 9337K [0x0000000080000000, 0x0000000083180000, 0x00000000d5580000)
  object space 50688K, 18% used [0x0000000080000000,0x000000008091e5d8,0x0000000083180000)
 Metaspace       used 34306K, capacity 35410K, committed 35496K, reserved 1079296K
  class space    used 4722K, capacity 5002K, committed 5040K, reserved 1048576K
Event: 5.907 GC heap after
Heap after GC invocations=9 (full 1):
 PSYoungGen      total 254976K, used 8034K [0x00000000d5580000, 0x00000000e5e80000, 0x0000000100000000)
  eden space 242688K, 0% used [0x00000000d5580000,0x00000000d5580000,0x00000000e4280000)
  from space 12288K, 65% used [0x00000000e5280000,0x00000000e5a58938,0x00000000e5e80000)
  to   space 14336K, 0% used [0x00000000e4280000,0x00000000e4280000,0x00000000e5080000)
 ParOldGen       total 50688K, used 9345K [0x0000000080000000, 0x0000000083180000, 0x00000000d5580000)
  object space 50688K, 18% used [0x0000000080000000,0x00000000809205d8,0x0000000083180000)
 Metaspace       used 34306K, capacity 35410K, committed 35496K, reserved 1079296K
  class space    used 4722K, capacity 5002K, committed 5040K, reserved 1048576K
}
Event: 5.907 GC heap before
{Heap before GC invocations=10 (full 2):
 PSYoungGen      total 254976K, used 8034K [0x00000000d5580000, 0x00000000e5e80000, 0x0000000100000000)
  eden space 242688K, 0% used [0x00000000d5580000,0x00000000d5580000,0x00000000e4280000)
  from space 12288K, 65% used [0x00000000e5280000,0x00000000e5a58938,0x00000000e5e80000)
  to   space 14336K, 0% used [0x00000000e4280000,0x00000000e4280000,0x00000000e5080000)
 ParOldGen       total 50688K, used 9345K [0x0000000080000000, 0x0000000083180000, 0x00000000d5580000)
  object space 50688K, 18% used [0x0000000080000000,0x00000000809205d8,0x0000000083180000)
 Metaspace       used 34306K, capacity 35410K, committed 35496K, reserved 1079296K
  class space    used 4722K, capacity 5002K, committed 5040K, reserved 1048576K
Event: 5.952 GC heap after
Heap after GC invocations=10 (full 2):
 PSYoungGen      total 254976K, used 0K [0x00000000d5580000, 0x00000000e5e80000, 0x0000000100000000)
  eden space 242688K, 0% used [0x00000000d5580000,0x00000000d5580000,0x00000000e4280000)
  from space 12288K, 0% used [0x00000000e5280000,0x00000000e5280000,0x00000000e5e80000)
  to   space 14336K, 0% used [0x00000000e4280000,0x00000000e4280000,0x00000000e5080000)
 ParOldGen       total 68096K, used 14467K [0x0000000080000000, 0x0000000084280000, 0x00000000d5580000)
  object space 68096K, 21% used [0x0000000080000000,0x0000000080e20fa8,0x0000000084280000)
 Metaspace       used 34306K, capacity 35410K, committed 35496K, reserved 1079296K
  class space    used 4722K, capacity 5002K, committed 5040K, reserved 1048576K
}
Event: 9.080 GC heap before
{Heap before GC invocations=11 (full 2):
 PSYoungGen      total 254976K, used 242688K [0x00000000d5580000, 0x00000000e5e80000, 0x0000000100000000)
  eden space 242688K, 100% used [0x00000000d5580000,0x00000000e4280000,0x00000000e4280000)
  from space 12288K, 0% used [0x00000000e5280000,0x00000000e5280000,0x00000000e5e80000)
  to   space 14336K, 0% used [0x00000000e4280000,0x00000000e4280000,0x00000000e5080000)
 ParOldGen       total 68096K, used 14467K [0x0000000080000000, 0x0000000084280000, 0x00000000d5580000)
  object space 68096K, 21% used [0x0000000080000000,0x0000000080e20fa8,0x0000000084280000)
 Metaspace       used 47764K, capacity 49624K, committed 49832K, reserved 1091584K
  class space    used 6453K, capacity 6804K, committed 6832K, reserved 1048576K
Event: 9.105 GC heap after
Heap after GC invocations=11 (full 2):
 PSYoungGen      total 257024K, used 14327K [0x00000000d5580000, 0x00000000e5e80000, 0x0000000100000000)
  eden space 242688K, 0% used [0x00000000d5580000,0x00000000d5580000,0x00000000e4280000)
  from space 14336K, 99% used [0x00000000e4280000,0x00000000e507dc28,0x00000000e5080000)
  to   space 12288K, 0% used [0x00000000e5280000,0x00000000e5280000,0x00000000e5e80000)
 ParOldGen       total 68096K, used 21380K [0x0000000080000000, 0x0000000084280000, 0x00000000d5580000)
  object space 68096K, 31% used [0x0000000080000000,0x00000000814e1150,0x0000000084280000)
 Metaspace       used 47764K, capacity 49624K, committed 49832K, reserved 1091584K
  class space    used 6453K, capacity 6804K, committed 6832K, reserved 1048576K
}

Deoptimization events (10 events):
Event: 8.703 Thread 0x000000001c48e000 Uncommon trap: reason=bimorphic action=maybe_recompile pc=0x0000000003829e78 method=java.util.regex.Pattern$CharProperty.match(Ljava/util/regex/Matcher;ILjava/lang/CharSequence;)Z @ 18
Event: 8.703 Thread 0x000000001c48e000 Uncommon trap: reason=bimorphic action=maybe_recompile pc=0x0000000003829e78 method=java.util.regex.Pattern$CharProperty.match(Ljava/util/regex/Matcher;ILjava/lang/CharSequence;)Z @ 18
Event: 8.743 Thread 0x000000001c48e000 Uncommon trap: reason=bimorphic action=maybe_recompile pc=0x0000000003829e78 method=java.util.regex.Pattern$CharProperty.match(Ljava/util/regex/Matcher;ILjava/lang/CharSequence;)Z @ 18
Event: 8.746 Thread 0x000000001c48e000 Uncommon trap: reason=unstable_if action=reinterpret pc=0x0000000002e31308 method=java.util.concurrent.ConcurrentHashMap.addCount(JI)V @ 110
Event: 8.946 Thread 0x000000001c48e000 Uncommon trap: reason=unstable_if action=reinterpret pc=0x0000000003653364 method=org.gradle.internal.reflect.PropertyAccessorType.of(Ljava/lang/reflect/Method;)Lorg/gradle/internal/reflect/PropertyAccessorType; @ 56
Event: 9.535 Thread 0x000000001c48e000 Uncommon trap: reason=unstable_if action=reinterpret pc=0x00000000031dd4b4 method=com.sun.org.apache.xerces.internal.impl.XMLEntityScanner.checkBeforeLoad(Lcom/sun/xml/internal/stream/Entity$ScannedEntity;II)I @ 18
Event: 9.639 Thread 0x000000001c48e000 Uncommon trap: reason=unstable_if action=reinterpret pc=0x000000000317b36c method=org.gradle.internal.instantiation.generator.AbstractClassGenerator$InjectionAnnotationValidator.validateMethod(Ljava/lang/reflect/Method;Lorg/gradle/internal/reflect/Propert
Event: 9.639 Thread 0x000000001c48e000 Uncommon trap: reason=unstable_if action=reinterpret pc=0x0000000002e24fdc method=org.gradle.internal.instantiation.generator.AbstractClassGenerator$InjectionAnnotationValidator.validateMethod(Ljava/lang/reflect/Method;Lorg/gradle/internal/reflect/Propert
Event: 9.739 Thread 0x000000001c48e000 Uncommon trap: reason=null_check action=make_not_entrant pc=0x00000000033d7b10 method=java.lang.Class.searchMethods([Ljava/lang/reflect/Method;Ljava/lang/String;[Ljava/lang/Class;)Ljava/lang/reflect/Method; @ 59
Event: 9.783 Thread 0x000000001c48e000 Uncommon trap: reason=class_check action=maybe_recompile pc=0x0000000003380460 method=java.util.WeakHashMap.eq(Ljava/lang/Object;Ljava/lang/Object;)Z @ 7

Classes redefined (0 events):
No events

Internal exceptions (10 events):
Event: 9.805 Thread 0x000000001c48e000 Exception <a 'java/lang/ClassNotFoundException': build_cnei6xzgl8iqn2hzvat2no7cf$_run_closure1BeanInfo> (0x00000000d7e70190) thrown at [C:\src\AOSP-openjdk-git\hotspot\src\share\vm\classfile\systemDictionary.cpp, line 210]
Event: 9.805 Thread 0x000000001c48e000 Exception <a 'java/lang/ClassNotFoundException': build_cnei6xzgl8iqn2hzvat2no7cf$_run_closure1Customizer> (0x00000000d7e80ef8) thrown at [C:\src\AOSP-openjdk-git\hotspot\src\share\vm\classfile\systemDictionary.cpp, line 210]
Event: 9.810 Thread 0x000000001c48e000 Exception <a 'java/lang/ClassNotFoundException': org/gradle/api/JavaVersionBeanInfo> (0x00000000d7eec9b8) thrown at [C:\src\AOSP-openjdk-git\hotspot\src\share\vm\classfile\systemDictionary.cpp, line 210]
Event: 9.810 Thread 0x000000001c48e000 Exception <a 'java/lang/ClassNotFoundException': java/lang/EnumBeanInfo> (0x00000000d7ef6808) thrown at [C:\src\AOSP-openjdk-git\hotspot\src\share\vm\classfile\systemDictionary.cpp, line 210]
Event: 9.810 Thread 0x000000001c48e000 Exception <a 'java/lang/ClassNotFoundException': java/lang/EnumCustomizer> (0x00000000d7f00ab0) thrown at [C:\src\AOSP-openjdk-git\hotspot\src\share\vm\classfile\systemDictionary.cpp, line 210]
Event: 9.811 Thread 0x000000001c48e000 Exception <a 'java/lang/ClassNotFoundException': org/gradle/api/JavaVersionCustomizer> (0x00000000d7f35b78) thrown at [C:\src\AOSP-openjdk-git\hotspot\src\share\vm\classfile\systemDictionary.cpp, line 210]
Event: 9.815 Thread 0x000000001c48e000 Exception <a 'java/lang/ClassNotFoundException': com/android/build/gradle/internal/CompileOptions_DecoratedBeanInfo> (0x00000000d7f95d38) thrown at [C:\src\AOSP-openjdk-git\hotspot\src\share\vm\classfile\systemDictionary.cpp, line 210]
Event: 9.815 Thread 0x000000001c48e000 Exception <a 'java/lang/ClassNotFoundException': com/android/build/gradle/internal/CompileOptionsBeanInfo> (0x00000000d7fb0f78) thrown at [C:\src\AOSP-openjdk-git\hotspot\src\share\vm\classfile\systemDictionary.cpp, line 210]
Event: 9.815 Thread 0x000000001c48e000 Exception <a 'java/lang/ClassNotFoundException': com/android/build/gradle/internal/CompileOptionsCustomizer> (0x00000000d7fcc3b0) thrown at [C:\src\AOSP-openjdk-git\hotspot\src\share\vm\classfile\systemDictionary.cpp, line 210]
Event: 9.816 Thread 0x000000001c48e000 Exception <a 'java/lang/ClassNotFoundException': com/android/build/gradle/internal/CompileOptions_DecoratedCustomizer> (0x00000000d7ffca40) thrown at [C:\src\AOSP-openjdk-git\hotspot\src\share\vm\classfile\systemDictionary.cpp, line 210]

Events (10 events):
Event: 10.521 loading class com/android/build/gradle/internal/core/VariantDslInfoImpl$getBuildConfigFields$1
Event: 10.521 loading class com/android/build/gradle/internal/core/VariantDslInfoImpl$getBuildConfigFields$1 done
Event: 10.522 loading class kotlin/jvm/functions/Function2
Event: 10.522 loading class kotlin/jvm/functions/Function2 done
Event: 10.523 loading class com/android/build/gradle/tasks/GenerateBuildConfig$CreationAction$handleProvider$2
Event: 10.523 loading class com/android/build/gradle/tasks/GenerateBuildConfig$CreationAction$handleProvider$2 done
Event: 10.527 loading class com/android/build/gradle/internal/scope/InternalArtifactType$GENERATED_BUILD_CONFIG_JAVA
Event: 10.527 loading class com/android/build/gradle/internal/scope/InternalArtifactType$GENERATED_BUILD_CONFIG_JAVA done
Event: 10.530 loading class com/android/build/gradle/internal/tasks/CheckAarMetadataTask
Event: 10.530 loading class com/android/build/gradle/internal/tasks/CheckAarMetadataTask done


Dynamic libraries:
0x00007ff7f1cd0000 - 0x00007ff7f1d01000 	C:\Program Files\Android\Android Studio\jre\bin\java.exe
0x00007ffb1e5d0000 - 0x00007ffb1e7c5000 	C:\WINDOWS\SYSTEM32\ntdll.dll
0x00007ffb1d7e0000 - 0x00007ffb1d89d000 	C:\WINDOWS\System32\KERNEL32.DLL
0x00007ffb1c210000 - 0x00007ffb1c4d8000 	C:\WINDOWS\System32\KERNELBASE.dll
0x00007ffb1da90000 - 0x00007ffb1db3c000 	C:\WINDOWS\System32\ADVAPI32.dll
0x00007ffb1cb90000 - 0x00007ffb1cc2e000 	C:\WINDOWS\System32\msvcrt.dll
0x00007ffb1d6b0000 - 0x00007ffb1d74b000 	C:\WINDOWS\System32\sechost.dll
0x00007ffb1db40000 - 0x00007ffb1dc6b000 	C:\WINDOWS\System32\RPCRT4.dll
0x00007ffb1dc70000 - 0x00007ffb1de10000 	C:\WINDOWS\System32\USER32.dll
0x00007ffb1be10000 - 0x00007ffb1be32000 	C:\WINDOWS\System32\win32u.dll
0x00007ffb1da40000 - 0x00007ffb1da6a000 	C:\WINDOWS\System32\GDI32.dll
0x00007ffb1be70000 - 0x00007ffb1bf7b000 	C:\WINDOWS\System32\gdi32full.dll
0x00007ffb1c590000 - 0x00007ffb1c62d000 	C:\WINDOWS\System32\msvcp_win.dll
0x00007ffb1bd10000 - 0x00007ffb1be10000 	C:\WINDOWS\System32\ucrtbase.dll
0x00007ffb04620000 - 0x00007ffb048ba000 	C:\WINDOWS\WinSxS\amd64_microsoft.windows.common-controls_6595b64144ccf1df_6.0.19041.844_none_ca00b6081b84eb1d\COMCTL32.dll
0x00007ffb1d500000 - 0x00007ffb1d530000 	C:\WINDOWS\System32\IMM32.DLL
0x0000000052570000 - 0x0000000052642000 	C:\Program Files\Android\Android Studio\jre\jre\bin\msvcr100.dll
0x00000000772a0000 - 0x0000000077aeb000 	C:\Program Files\Android\Android Studio\jre\jre\bin\server\jvm.dll
0x00007ffb1c630000 - 0x00007ffb1c638000 	C:\WINDOWS\System32\PSAPI.DLL
0x00007ffb126b0000 - 0x00007ffb126d7000 	C:\WINDOWS\SYSTEM32\WINMM.dll
0x00007ffb05250000 - 0x00007ffb05259000 	C:\WINDOWS\SYSTEM32\WSOCK32.dll
0x00007ffb1d8a0000 - 0x00007ffb1d90b000 	C:\WINDOWS\System32\WS2_32.dll
0x00007ffb13b90000 - 0x00007ffb13b9a000 	C:\WINDOWS\SYSTEM32\VERSION.dll
0x00007ffb158f0000 - 0x00007ffb158ff000 	C:\Program Files\Android\Android Studio\jre\jre\bin\verify.dll
0x00007ffb0fc70000 - 0x00007ffb0fc99000 	C:\Program Files\Android\Android Studio\jre\jre\bin\java.dll
0x00007ffb158d0000 - 0x00007ffb158e6000 	C:\Program Files\Android\Android Studio\jre\jre\bin\zip.dll
0x00007ffb1cdb0000 - 0x00007ffb1d4f2000 	C:\WINDOWS\System32\SHELL32.dll
0x00007ffb19e30000 - 0x00007ffb1a5c1000 	C:\WINDOWS\SYSTEM32\windows.storage.dll
0x00007ffb1e100000 - 0x00007ffb1e455000 	C:\WINDOWS\System32\combase.dll
0x00007ffb1b640000 - 0x00007ffb1b66c000 	C:\WINDOWS\SYSTEM32\Wldp.dll
0x00007ffb1d540000 - 0x00007ffb1d5ee000 	C:\WINDOWS\System32\SHCORE.dll
0x00007ffb1de10000 - 0x00007ffb1de65000 	C:\WINDOWS\System32\shlwapi.dll
0x00007ffb1bc50000 - 0x00007ffb1bc6f000 	C:\WINDOWS\SYSTEM32\profapi.dll
0x00007ffb15540000 - 0x00007ffb1555a000 	C:\Program Files\Android\Android Studio\jre\jre\bin\net.dll
0x00007ffb1b3c0000 - 0x00007ffb1b42a000 	C:\WINDOWS\system32\mswsock.dll
0x00007ffb0ab10000 - 0x00007ffb0ab23000 	C:\Program Files\Android\Android Studio\jre\jre\bin\nio.dll
0x00007ffb0fca0000 - 0x00007ffb0fcc7000 	C:\Users\ageli\.gradle\native\f6784746aeab05261644944871eae4fe03e0ef1612fff0a4a95f87b438bc6780\windows-amd64\native-platform.dll
0x00007ffb15320000 - 0x00007ffb1532d000 	C:\Program Files\Android\Android Studio\jre\jre\bin\management.dll
0x00007ffb1b6f0000 - 0x00007ffb1b708000 	C:\WINDOWS\SYSTEM32\CRYPTSP.dll
0x00007ffb1ad80000 - 0x00007ffb1adb4000 	C:\WINDOWS\system32\rsaenh.dll
0x00007ffb1be40000 - 0x00007ffb1be67000 	C:\WINDOWS\System32\bcrypt.dll
0x00007ffb1bc10000 - 0x00007ffb1bc3e000 	C:\WINDOWS\SYSTEM32\USERENV.dll
0x00007ffb1c190000 - 0x00007ffb1c210000 	C:\WINDOWS\System32\bcryptprimitives.dll
0x00007ffb1b5a0000 - 0x00007ffb1b5ac000 	C:\WINDOWS\SYSTEM32\CRYPTBASE.dll
0x00007ffb1b0d0000 - 0x00007ffb1b10b000 	C:\WINDOWS\SYSTEM32\IPHLPAPI.DLL
0x00007ffb1d530000 - 0x00007ffb1d538000 	C:\WINDOWS\System32\NSI.dll
0x00007ffb101d0000 - 0x00007ffb101e7000 	C:\WINDOWS\SYSTEM32\dhcpcsvc6.DLL
0x00007ffb136f0000 - 0x00007ffb1370d000 	C:\WINDOWS\SYSTEM32\dhcpcsvc.DLL
0x00007ffb1b110000 - 0x00007ffb1b1dc000 	C:\WINDOWS\SYSTEM32\DNSAPI.dll
0x00007ffb13880000 - 0x00007ffb1388b000 	C:\WINDOWS\SYSTEM32\WINNSI.DLL

VM Arguments:
jvm_args: -Xmx2048m -Dfile.encoding=UTF-8 -Duser.country=US -Duser.language=en -Duser.variant 
java_command: org.gradle.launcher.daemon.bootstrap.GradleDaemon 6.5
java_class_path (initial): C:\Users\ageli\.gradle\wrapper\dists\gradle-6.5-bin\6nifqtx7604sqp1q6g8wikw7p\gradle-6.5\lib\gradle-launcher-6.5.jar
Launcher Type: SUN_STANDARD

Environment Variables:
PATH=C:\Program Files (x86)\Common Files\Oracle\Java\javapath;C:\ProgramData\Oracle\Java\javapath;C:\Windows\system32;C:\Windows;C:\Windows\System32\Wbem;C:\Windows\System32\WindowsPowerShell\v1.0\;C:\Program Files (x86)\NVIDIA Corporation\PhysX\Common;C:\Program Files\Microsoft SQL Server\130\Tools\Binn\;C:\WINDOWS\system32;C:\WINDOWS;C:\WINDOWS\System32\Wbem;C:\WINDOWS\System32\WindowsPowerShell\v1.0\;C:\WINDOWS\System32\OpenSSH\;C:\Program Files\dotnet\;C:\Program Files\Git\cmd;C:\Program Files\Git\mingw64\bin;C:\Program Files\Git\usr\bin;C:\Program Files (x86)\GnuWin32\bin;C:\MinGW\bin;C:\Program Files\PostgreSQL\10\bin;C:\Program Files\PostgreSQL\10\lib;C:\Program Files\swipl\bin;C:\Program Files\MATLAB\R2020a\bin;C:\Program Files (x86)\Microsoft SQL Server\150\DTS\Binn\;C:\Program Files\Azure Data Studio\bin;C:\Program Files\Microsoft SQL Server\Client SDK\ODBC\170\Tools\Binn\;C:\Program Files (x86)\Microsoft SQL Server\150\Tools\Binn\;C:\Program Files\Microsoft SQL Server\150\Tools\Binn\;C:\Program Files\Microsoft SQL Server\150\DTS\Binn\;C:\ProgramData\chocolatey\bin;;C:\Program Files\Docker\Docker\resources\bin;C:\ProgramData\DockerDesktop\version-bin;C:\Users\ageli\AppData\Local\Programs\Python\Python39\;C:\Users\ageli\AppData\Local\Programs\Python\Python39\Scripts\;D:\Ruby27-x64\bin;C:\RailsInstaller\Ruby2.2.0\bin;C:\RailsInstaller\Git\cmd;C:\RailsInstaller\Ruby2.3.3\bin;C:\Users\ageli\AppData\Local\Programs\Python\Python36\Scripts\;C:\Users\ageli\AppData\Local\Programs\Python\Python36\;C:\Users\ageli\AppData\Local\Microsoft\WindowsApps;C:\Users\ageli\AppData\Local\atom\bin;C:\Users\ageli\AppData\Local\Microsoft\WindowsApps;C:\Program Files\JetBrains\IntelliJ IDEA Educational Edition 2020.1\bin;;C:\Users\ageli\Documents\tex\miktex\bin\x64\;D:\Program Files\CMake\bin;D:\Users\ageli\Documents\Microsoft VS Code\bin;C:\Program Files\Azure Data Studio\bin;C:\Program Files\heroku\bin;C:\Users\ageli\AppData\Local\GitHubDesktop\bin;C:\Users\ageli\.dotnet\tools;
USERNAME=ageli
OS=Windows_NT
PROCESSOR_IDENTIFIER=AMD64 Family 23 Model 1 Stepping 1, AuthenticAMD



---------------  S Y S T E M  ---------------

OS: Windows 10.0 , 64 bit Build 19041 (10.0.19041.928)

CPU:total 8 (initial active 8) (8 cores per cpu, 1 threads per core) family 23 model 1 stepping 1, cmov, cx8, fxsr, mmx, sse, sse2, sse3, ssse3, sse4.1, sse4.2, popcnt, avx, avx2, aes, clmul, mmxext, 3dnowpref, lzcnt, sse4a, tsc, tscinvbit, tscinv, bmi1

Memory: 4k page, physical 8317716k(586032k free), swap 20900628k(800k free)

vm_info: OpenJDK 64-Bit Server VM (25.242-b01) for windows-amd64 JRE (1.8.0_242-release-1644-b01), built by "builder" with MS VC++ 10.0 (VS2010)

time: Tue Jun 15 21:51:33 2021
timezone: GTB Daylight Time
elapsed time: 10 seconds (0d 0h 0m 10s)

